Loading MOFED OpenMPI 4.1.2a1

Due to MODULEPATH changes the following have been reloaded:
  1) openmpi/4.1.2a1

Architecture:                    x86_64
CPU op-mode(s):                  32-bit, 64-bit
Byte Order:                      Little Endian
Address sizes:                   48 bits physical, 48 bits virtual
CPU(s):                          128
On-line CPU(s) list:             0-127
Thread(s) per core:              1
Core(s) per socket:              64
Socket(s):                       2
NUMA node(s):                    2
Vendor ID:                       AuthenticAMD
CPU family:                      23
Model:                           49
Model name:                      AMD EPYC 7742 64-Core Processor
Stepping:                        0
CPU MHz:                         3182.252
BogoMIPS:                        4491.41
Virtualization:                  AMD-V
L1d cache:                       4 MiB
L1i cache:                       4 MiB
L2 cache:                        64 MiB
L3 cache:                        512 MiB
NUMA node0 CPU(s):               0-63
NUMA node1 CPU(s):               64-127
Vulnerability Itlb multihit:     Not affected
Vulnerability L1tf:              Not affected
Vulnerability Mds:               Not affected
Vulnerability Meltdown:          Not affected
Vulnerability Spec store bypass: Mitigation; Speculative Store Bypass disabled via prctl and seccomp
Vulnerability Spectre v1:        Mitigation; usercopy/swapgs barriers and __user pointer sanitization
Vulnerability Spectre v2:        Mitigation; Full AMD retpoline, IBPB conditional, IBRS_FW, STIBP disabled, RSB filling
Vulnerability Srbds:             Not affected
Vulnerability Tsx async abort:   Not affected
Flags:                           fpu vme de pse tsc msr pae mce cx8 apic sep mtrr pge mca cmov pat pse36 clflush mmx fxsr sse sse2 ht syscall nx mmxext fxsr_opt pdpe1gb rdtscp lm constant_tsc rep_good nopl nonstop_tsc cpuid extd_apicid aperfmperf pni pclmulqdq monitor ssse3 fma cx16 sse4_1 sse4_2 movbe popcnt aes xsave avx f16c rdrand lahf_lm cmp_legacy svm extapic cr8_legacy abm sse4a misalignsse 3dnowprefetch osvw ibs skinit wdt tce topoext perfctr_core perfctr_nb bpext perfctr_llc mwaitx cpb cat_l3 cdp_l3 hw_pstate ssbd mba ibrs ibpb stibp vmmcall fsgsbase bmi1 avx2 smep bmi2 cqm rdt_a rdseed adx smap clflushopt clwb sha_ni xsaveopt xsavec xgetbv1 xsaves cqm_llc cqm_occup_llc cqm_mbm_total cqm_mbm_local clzero irperf xsaveerptr wbnoinvd arat npt lbrv svm_lock nrip_save tsc_scale vmcb_clean flushbyasid decodeassists pausefilter pfthreshold avic v_vmsave_vmload vgif umip rdpid overflow_recov succor smca

Create sparsity pattern () with:
 - NNZ: 113985025


Create sparsity pattern () with:
 - NNZ: 455940100


Create sparsity pattern (sintering_op) with:
 - NNZ: 455940100


Create sparsity pattern (sintering_op) with:
 - NNZ: 455940100


Create sparsity pattern () with:
 - NNZ: 1025865225


Create sparsity pattern (sintering_op) with:
 - NNZ: 1025865225


Create sparsity pattern (sintering_op) with:
 - NNZ: 1025865225


Create sparsity pattern () with:
 - NNZ: 1823760400


Create sparsity pattern (sintering_op) with:
 - NNZ: 1823760400


Create sparsity pattern (sintering_op) with:
 - NNZ: 1823760400


Create sparsity pattern () with:
 - NNZ: 2849625625


Create sparsity pattern (sintering_op) with:
 - NNZ: 2849625625


Create sparsity pattern (sintering_op) with:
 - NNZ: 2849625625

| dim | fe_type | n_dofs  | n_components | t_helmholtz_mf | t_helmholtz_mb | nnz_helmholtz | t_sintering_rhs | t_sintering_mf | t_sintering_mb | nnz_sintering | t_wang_rhs | t_wang_mf  | t_wang_mb  | nnz_wang   | 
| 3   | FE_Q    | 4276737 | 1            | 2.0826e-01     | 6.2134e-01     | 113985025     | 0               | 0              | 0              | 0             | 0          | 0          | 0          | 0          | 
| 3   | FE_Q    | 4276737 | 2            | 4.5597e-01     | 2.3594e+00     | 455940100     | 4.7243e-01      | 9.7995e-01     | 2.4207e+00     | 455940100     | 4.6712e-01 | 9.4634e-01 | 2.4143e+00 | 455940100  | 
| 3   | FE_Q    | 4276737 | 3            | 7.0348e-01     | 5.6850e+00     | 1025865225    | 8.6991e-01      | 1.2009e+00     | 4.8655e+00     | 1025865225    | 1.0310e+00 | 1.6855e+00 | 4.8447e+00 | 1025865225 | 
| 3   | FE_Q    | 4276737 | 4            | 7.0581e-01     | 9.3276e+00     | 1823760400    | 9.2322e-01      | 1.5375e+00     | 8.5837e+00     | 1823760400    | 1.7227e+00 | 2.3475e+00 | 8.5474e+00 | 1823760400 | 
| 3   | FE_Q    | 4276737 | 5            | 9.3389e-01     | 1.3105e+01     | 2849625625    | 1.8623e+00      | 1.6655e+00     | 1.3040e+01     | 2849625625    | 2.3272e+00 | 2.9294e+00 | 1.3013e+01 | 2849625625 | 
| 3   | FE_Q    | 4276737 | 6            | 1.1533e+00     | 0.0000e+00     | 0             | 1.5117e+00      | 2.0896e+00     | 0.0000e+00     | 0             | 2.9709e+00 | 2.5467e+00 | 0.0000e+00 | 0          | 
| 3   | FE_Q    | 4276737 | 7            | 2.1601e+00     | 0.0000e+00     | 0             | 1.7327e+00      | 2.4183e+00     | 0.0000e+00     | 0             | 2.2024e+00 | 3.0553e+00 | 0.0000e+00 | 0          | 
| 3   | FE_Q    | 4276737 | 8            | 1.5485e+00     | 0.0000e+00     | 0             | 2.0412e+00      | 2.5354e+00     | 0.0000e+00     | 0             | 2.5935e+00 | 3.2962e+00 | 0.0000e+00 | 0          | 
| 3   | FE_Q    | 4276737 | 9            | 1.7909e+00     | 0.0000e+00     | 0             | 2.3731e+00      | 3.0475e+00     | 0.0000e+00     | 0             | 2.9502e+00 | 3.9873e+00 | 0.0000e+00 | 0          | 
| 3   | FE_Q    | 4276737 | 10           | 2.1351e+00     | 0.0000e+00     | 0             | 2.7037e+00      | 3.6560e+00     | 0.0000e+00     | 0             | 3.3523e+00 | 5.2916e+00 | 0.0000e+00 | 0          | 
| 3   | FE_Q    | 4276737 | 11           | 2.3453e+00     | 0.0000e+00     | 0             | 3.0617e+00      | 3.9870e+00     | 0.0000e+00     | 0             | 3.7801e+00 | 5.0761e+00 | 0.0000e+00 | 0          | 
| 3   | FE_Q    | 4276737 | 12           | 2.5559e+00     | 0.0000e+00     | 0             | 3.4323e+00      | 5.1322e+00     | 0.0000e+00     | 0             | 4.1955e+00 | 5.3562e+00 | 0.0000e+00 | 0          | 
| 3   | FE_Q    | 4276737 | 13           | 2.7811e+00     | 0.0000e+00     | 0             | 3.8266e+00      | 4.7762e+00     | 0.0000e+00     | 0             | 5.5180e+00 | 6.0136e+00 | 0.0000e+00 | 0          | 
| 3   | FE_Q    | 4276737 | 14           | 2.9195e+00     | 0.0000e+00     | 0             | 4.1621e+00      | 5.3096e+00     | 0.0000e+00     | 0             | 6.0435e+00 | 6.4615e+00 | 0.0000e+00 | 0          | 
