Running: /home/munch/sw-sintering-reference/hpsint/build/preconditioners-new/../applications/sintering/sintering-3D-generic-scalar /home/munch/sw-sintering-reference/hpsint/build/preconditioners-new/../applications/sintering/sintering-3D-generic-scalar --cloud /home/munch/sw-sintering-reference/hpsint/build/preconditioners-new/../../applications/sintering/sintering_cloud_examples/packings_10k/51particles.cloud /home/munch/sw-sintering-reference/hpsint/build/preconditioners-new/job_2.json
  - with n MPI processes:160
  - deal.II (branch: nox_pending_exception; revision: 688baa55a9cbd1eb0ae6bd15947909888d92b998; short: 688baa55a9)
  - hpsint (branch: parameter_studies_new; revision: d66d475a416586c9b07a068867c7bcf53a95594e; short: d66d475a)


Mode:       cloud
Cloud path: /home/munch/sw-sintering-reference/hpsint/build/preconditioners-new/../../applications/sintering/sintering_cloud_examples/packings_10k/51particles.cloud

Particles list:
# x,y,z,r
31.6643,211.958,168.666,31.8113
131.946,129.448,76.6233,32.0966
23.8656,151.466,23.9192,23.9524
32.9009,43.2273,225.496,32.9727
215.49,51.4768,32.5979,33.0174
30.1343,124.923,81.0489,30.4929
73.5012,129.074,146.655,33.1955
29.7381,168.718,124.674,30.439
171.401,105.002,117.97,30.2113
204.829,137.401,217.073,37.1126
87.0748,34.4055,38.1077,34.675
28.8551,152.732,182.72,29.3586
206.646,91.6824,75.625,26.767
85.8628,84.8011,222.878,30.5635
93.6599,203.328,36.1638,36.449
79.2682,133.367,35.0308,35.4966
85.6176,190.598,149.503,29.4817
36.4538,35.9562,90.05,36.503
232.298,195.612,132.475,27.4024
214.767,24.9387,148.351,25.2743
225.45,77.2976,129.083,31.8601
161.415,29.0584,157.53,29.5279
33.5648,33.6502,159.814,33.8764
82.8685,166.992,92.9203,32.0562
140.377,112.212,204.437,33.7616
29.3497,88.6903,128.637,29.7494
183.174,168.602,86.6618,33.6533
133.523,184.519,118.766,27.9835
218.466,220.357,80.4254,29.733
151.342,36.6924,222.657,37.2142
152.442,175.978,28.9107,29.0092
29.0831,182.33,67.0297,29.2136
176.695,120.387,31.9029,31.9535
102.267,30.2019,101.458,30.7306
220.886,200.025,189.832,30.5968
124.769,86.4928,30.0993,30.3664
116.705,75.4663,148.114,36.2165
191.439,76.8918,182.954,32.5686
80.1097,209.283,203.459,28.0667
139.813,70.9205,83.7217,27.7344
136.724,184.619,188.863,34.5104
37.0845,93.783,187.685,30.479
180.846,31.5277,99.7264,31.774
153.823,32.1151,40.2251,32.3805
224.196,175.418,33.7508,34.0537
191.506,155.977,151.326,33.0042
84.6018,147.37,209.027,32.9051
90.2577,31.3728,191.89,31.6968
133.798,137.214,148.359,28.3212
34.5547,79.6333,34.3749,35.0625
82.053,89.4724,89.5613,33.4267

Input parameters file:
{
    "MatrixBased": "false",
    "GrainCutOffTolerance": "0.00000",
    "TensorialMobilityGradientOnTheFly": true,
    "Adaptivity": {
        "BottomFractionOfCells": "0.1",
        "MaxRefinementDepth": "1",
        "MinRefinementDepth": "3",
        "RefinementFrequency": "10",
        "TopFractionOfCells": "0.3"
    },
    "Approximation": {
        "FEDegree": "1",
        "NPoints1D": "2",
        "NSubdivisions": "1"
    },
    "Advection": {
        "Ceq": "1",
        "Cgb": "0.14",
        "Enable": "false",
        "K": "20",
        "Mr": "0",
        "Mt": "1.0"
    },
    "Geometry": {
        "BoundaryFactor": "0.5",
        "CustomBoundingBox": "false",
        "DivisionsPerInterface": "3",
        "HangingNodeWeight": "1",
        "InterfaceBufferRatio": "3",
        "InterfaceWidth": "8",
        "MinimizeOrderParameters": "true",
        "Periodic": "false",
        "BoundingBox": {
            "Xmax": "0",
            "Xmin": "0",
            "Ymax": "0",
            "Ymin": "0",
            "Zmax": "0",
            "Zmin": "0"
        }
    },
    "GrainTracker": {
        "BufferDistanceRatio": "0.05",
        "GrainTrackerFrequency": "25",
        "ThresholdLower": "0.01",
        "ThresholdNewGrains": "0.02"
    },
    "Material": {
        "EnergyAbstract": {
            "A": "4.35",
            "B": "0.15",
            "KappaC": "9.0",
            "KappaP": "1.79"
        },
        "MobilityAbstract": {
            "L": "1",
            "Mgb": "0.4",
            "Msurf": "4",
            "Mvap": "1e-10",
            "Mvol": "0.01"
        },
        "Type": "Abstract"
    },
    "NonLinearData": {
        "LinearRelativeTolerance": 0.01,
        "NewtonUseDamping": true,
        "NonLinearSolverType": "NOX",
        "JacobiFree": false,
        "LinearMaxIterations": 100,
        "NewtonThresholdNewtonIterations": 100,
        "NewtonThresholdLinearIterations": 50,
        "NewtonReusePreconditioner": false
    },
    "Output": {
        "Contour": "false",
        "ContourNCoarseningSteps": "0",
        "Debug": "false",
        "Fields": "bnds",
        "HigherOrderCells": "false",
        "OutputTimeInterval": "500",
        "Regular": "false",
        "VtkPath": ".",
        "MeshOverheadEstimate": false
    },
    "Preconditioners": {
        "OuterPreconditioner": "BlockPreconditioner2",
        "BlockPreconditioner2": {
            "Block0Preconditioner": "ILU",
            "Block1Approximation": "all",
            "Block1Preconditioner": "BlockILU"
        }
    },
    "Profiling": {
        "OutputTimeInterval": "900",
        "RunVmults": "false",
        "OutputMemoryConsumption": "false"
    },
    "Restart": {
        "Interval": "20000",
        "MaximalOutput": "1",
        "Prefix": "./restart",
        "Type": "simulation_time"
    },
    "TimeIntegration": {
        "IntegrationScheme": "BDF2",
        "DesirableLinearIterations": "100",
        "DesirableNewtonIterations": "5",
        "GrowthFactor": "1.2",
        "TimeEnd": 500,
        "TimeStart": "0",
        "TimeStepInit": "0.1",
        "TimeStepMax": "100",
        "TimeStepMin": "1e-05"
    }
}
Parameters in JSON format:
{
    "GrainCutOffTolerance": "0",
    "MatrixBased": "false",
    "TensorialMobilityGradientOnTheFly": "true",
    "Adaptivity": {
        "BottomFractionOfCells": "0.1",
        "ExtraCoarsening": "false",
        "InterfaceValueMax": "0.95",
        "InterfaceValueMin": "0.05",
        "MaxRefinementDepth": "1",
        "MinRefinementDepth": "3",
        "QualityControl": "false",
        "QualityMin": "0.5",
        "RefinementFrequency": "10",
        "TopFractionOfCells": "0.3"
    },
    "Advection": {
        "Ceq": "1",
        "Cgb": "0.14",
        "CheckCourant": "true",
        "Enable": "false",
        "K": "20",
        "Mr": "0",
        "Mt": "1"
    },
    "Approximation": {
        "FEDegree": "1",
        "NPoints1D": "2",
        "NSubdivisions": "1"
    },
    "BoundaryConditions": {
        "Direction": "0",
        "Type": "Domain"
    },
    "Geometry": {
        "BoundaryFactor": "0.5",
        "CustomBoundingBox": "false",
        "DivisionsPerInterface": "3",
        "GlobalRefinement": "None",
        "HangingNodeWeight": "1",
        "InitialMesh": "Interface",
        "InterfaceBufferRatio": "3",
        "InterfaceWidth": "8",
        "MaxLevel0DivisionsPerInterface": "1",
        "MaxPrime": "20",
        "MinimizeOrderParameters": "true",
        "Periodic": "false",
        "RadiusBufferRatio": "0",
        "BoundingBox": {
            "Xmax": "0",
            "Xmin": "0",
            "Ymax": "0",
            "Ymin": "0",
            "Zmax": "0",
            "Zmin": "0"
        },
        "Divisions": {
            "Nx": "0",
            "Ny": "0",
            "Nz": "0"
        }
    },
    "GrainTracker": {
        "BufferDistanceFixed": "0",
        "BufferDistanceRatio": "0.05",
        "FastReassignment": "false",
        "GrainTrackerFrequency": "25",
        "ThresholdLower": "0.01",
        "ThresholdNewGrains": "0.02",
        "TrackWithQuality": "false",
        "UseOldRemap": "false"
    },
    "Material": {
        "EnergyScale": "1",
        "LengthScale": "1",
        "Temperature": "0:1573, 100:1573",
        "TimeScale": "1",
        "Type": "Abstract",
        "EnergyAbstract": {
            "A": "4.35",
            "B": "0.15",
            "KappaC": "9",
            "KappaP": "1.79"
        },
        "EnergyRealistic": {
            "GrainBoundaryEnergy": "0",
            "SurfaceEnergy": "0"
        },
        "Mechanics": {
            "E": "1",
            "Type": "None",
            "nu": "0.25"
        },
        "MobilityAbstract": {
            "L": "1",
            "Mgb": "0.4",
            "Msurf": "4",
            "Mvap": "1e-10",
            "Mvol": "0.01"
        },
        "MobilityRealistic": {
            "DGb0": "0",
            "DGbMob0": "0",
            "DSurf0": "0",
            "DVap0": "0",
            "DVol0": "0",
            "Omega": "0",
            "QGb": "0",
            "QGbMob": "0",
            "QSurf": "0",
            "QVap": "0",
            "QVol": "0"
        }
    },
    "NonLinearData": {
        "FDMJacobianApproximation": "false",
        "JacobiFree": "false",
        "LinearAbsoluteTolerance": "1e-10",
        "LinearMaxIterations": "100",
        "LinearRelativeTolerance": "0.01",
        "LinearSolver": "GMRES",
        "LinearSolverBicgstabTries": "30",
        "NewtonDoUpdate": "true",
        "NewtonReusePreconditioner": "false",
        "NewtonThresholdLinearIterations": "50",
        "NewtonThresholdNewtonIterations": "100",
        "NewtonUseDamping": "true",
        "NonLinearAbsoluteTolerance": "1e-20",
        "NonLinearMaxIterations": "10",
        "NonLinearRelativeTolerance": "1e-05",
        "NonLinearSolverType": "NOX",
        "Verbosity": "1",
        "GMRESData": {
            "OrthogonalizationStrategy": "classical gram schmidt"
        },
        "NOXData": {
            "DirectionMethod": "Newton",
            "LineSearchInterpolationType": "Cubic",
            "LineSearchMethod": "Full Step",
            "OutputInformation": "0"
        },
        "SNESData": {
            "LineSearchName": "bt",
            "SolverName": "newtonls"
        }
    },
    "Output": {
        "ConcentrationContour": "false",
        "Contour": "false",
        "ContourNCoarseningSteps": "0",
        "ContourTex": "false",
        "Debug": "false",
        "DomainIntegrals": "free_energy, gb_area, solid_vol, surf_area",
        "Fields": "bnds",
        "FluxesDivergences": "false",
        "GrainBoundaries": "false",
        "GrainBoundariesThreshold": "0.14",
        "GrainsStats": "false",
        "HigherOrderCells": "false",
        "IsoGrainBoundariesArea": "false",
        "IsoSurfaceArea": "false",
        "MCASubdivisions": "1",
        "MeshOverheadEstimate": "false",
        "OutputTimeInterval": "500",
        "Porosity": "false",
        "PorosityContours": "false",
        "PorosityMaxValue": "0.8",
        "PorosityStats": "false",
        "Quality": "false",
        "QualityMin": "false",
        "Regular": "false",
        "Shrinkage": "false",
        "Table": "false",
        "UseControlBox": "false",
        "VtkPath": ".",
        "ControlBox": {
            "Xmax": "0",
            "Xmin": "0",
            "Ymax": "0",
            "Ymin": "0",
            "Zmax": "0",
            "Zmin": "0"
        }
    },
    "Preconditioners": {
        "OuterPreconditioner": "BlockPreconditioner2",
        "BlockPreconditioner2": {
            "Block0Preconditioner": "ILU",
            "Block1Approximation": "all",
            "Block1Preconditioner": "BlockILU",
            "Block2Preconditioner": "AMG",
            "Block2AMG": {
                "NCycles": "5",
                "SmootherSweeps": "4"
            }
        }
    },
    "Profiling": {
        "OutputMemoryConsumption": "false",
        "OutputTimeInterval": "900",
        "RunVmults": "false"
    },
    "Restart": {
        "FlexibleOutput": "false",
        "FullHistory": "true",
        "Interval": "20000",
        "MaximalOutput": "1",
        "Prefix": ".\/restart",
        "Type": "simulation_time"
    },
    "TimeIntegration": {
        "DesirableLinearIterations": "100",
        "DesirableNewtonIterations": "5",
        "GrowthFactor": "1.2",
        "IntegrationScheme": "BDF2",
        "MaxNTimeSteps": "0",
        "Predictor": "None",
        "SanityCheckPredictor": "false",
        "SanityCheckSolution": "false",
        "TimeEnd": "500",
        "TimeStart": "0",
        "TimeStepInit": "0.1",
        "TimeStepMax": "100",
        "TimeStepMin": "1e-05"
    }
}

Parameters in JSON format:
{
    "GrainCutOffTolerance": "0",
    "MatrixBased": "false",
    "TensorialMobilityGradientOnTheFly": "true",
    "Adaptivity": {
        "BottomFractionOfCells": "0.1",
        "ExtraCoarsening": "false",
        "InterfaceValueMax": "0.95",
        "InterfaceValueMin": "0.05",
        "MaxRefinementDepth": "1",
        "MinRefinementDepth": "3",
        "QualityControl": "false",
        "QualityMin": "0.5",
        "RefinementFrequency": "10",
        "TopFractionOfCells": "0.3"
    },
    "Advection": {
        "Ceq": "1",
        "Cgb": "0.14",
        "CheckCourant": "true",
        "Enable": "false",
        "K": "20",
        "Mr": "0",
        "Mt": "1"
    },
    "Approximation": {
        "FEDegree": "1",
        "NPoints1D": "2",
        "NSubdivisions": "1"
    },
    "BoundaryConditions": {
        "Direction": "0",
        "Type": "Domain"
    },
    "Geometry": {
        "BoundaryFactor": "0.5",
        "CustomBoundingBox": "false",
        "DivisionsPerInterface": "3",
        "GlobalRefinement": "None",
        "HangingNodeWeight": "1",
        "InitialMesh": "Interface",
        "InterfaceBufferRatio": "3",
        "InterfaceWidth": "8",
        "MaxLevel0DivisionsPerInterface": "1",
        "MaxPrime": "20",
        "MinimizeOrderParameters": "true",
        "Periodic": "false",
        "RadiusBufferRatio": "0",
        "BoundingBox": {
            "Xmax": "0",
            "Xmin": "0",
            "Ymax": "0",
            "Ymin": "0",
            "Zmax": "0",
            "Zmin": "0"
        },
        "Divisions": {
            "Nx": "0",
            "Ny": "0",
            "Nz": "0"
        }
    },
    "GrainTracker": {
        "BufferDistanceFixed": "0",
        "BufferDistanceRatio": "0.05",
        "FastReassignment": "false",
        "GrainTrackerFrequency": "25",
        "ThresholdLower": "0.01",
        "ThresholdNewGrains": "0.02",
        "TrackWithQuality": "false",
        "UseOldRemap": "false"
    },
    "Material": {
        "EnergyScale": "1",
        "LengthScale": "1",
        "Temperature": "0:1573, 100:1573",
        "TimeScale": "1",
        "Type": "Abstract",
        "EnergyAbstract": {
            "A": "4.35",
            "B": "0.15",
            "KappaC": "9",
            "KappaP": "1.79"
        },
        "EnergyRealistic": {
            "GrainBoundaryEnergy": "0",
            "SurfaceEnergy": "0"
        },
        "Mechanics": {
            "E": "1",
            "Type": "None",
            "nu": "0.25"
        },
        "MobilityAbstract": {
            "L": "1",
            "Mgb": "0.4",
            "Msurf": "4",
            "Mvap": "1e-10",
            "Mvol": "0.01"
        },
        "MobilityRealistic": {
            "DGb0": "0",
            "DGbMob0": "0",
            "DSurf0": "0",
            "DVap0": "0",
            "DVol0": "0",
            "Omega": "0",
            "QGb": "0",
            "QGbMob": "0",
            "QSurf": "0",
            "QVap": "0",
            "QVol": "0"
        }
    },
    "NonLinearData": {
        "FDMJacobianApproximation": "false",
        "JacobiFree": "false",
        "LinearAbsoluteTolerance": "1e-10",
        "LinearMaxIterations": "100",
        "LinearRelativeTolerance": "0.01",
        "LinearSolver": "GMRES",
        "LinearSolverBicgstabTries": "30",
        "NewtonDoUpdate": "true",
        "NewtonReusePreconditioner": "false",
        "NewtonThresholdLinearIterations": "50",
        "NewtonThresholdNewtonIterations": "100",
        "NewtonUseDamping": "true",
        "NonLinearAbsoluteTolerance": "1e-20",
        "NonLinearMaxIterations": "10",
        "NonLinearRelativeTolerance": "1e-05",
        "NonLinearSolverType": "NOX",
        "Verbosity": "1",
        "GMRESData": {
            "OrthogonalizationStrategy": "classical gram schmidt"
        },
        "NOXData": {
            "DirectionMethod": "Newton",
            "LineSearchInterpolationType": "Cubic",
            "LineSearchMethod": "Full Step",
            "OutputInformation": "0"
        },
        "SNESData": {
            "LineSearchName": "bt",
            "SolverName": "newtonls"
        }
    },
    "Output": {
        "ConcentrationContour": "false",
        "Contour": "false",
        "ContourNCoarseningSteps": "0",
        "ContourTex": "false",
        "Debug": "false",
        "DomainIntegrals": "free_energy, gb_area, solid_vol, surf_area",
        "Fields": "bnds",
        "FluxesDivergences": "false",
        "GrainBoundaries": "false",
        "GrainBoundariesThreshold": "0.14",
        "GrainsStats": "false",
        "HigherOrderCells": "false",
        "IsoGrainBoundariesArea": "false",
        "IsoSurfaceArea": "false",
        "MCASubdivisions": "1",
        "MeshOverheadEstimate": "false",
        "OutputTimeInterval": "500",
        "Porosity": "false",
        "PorosityContours": "false",
        "PorosityMaxValue": "0.8",
        "PorosityStats": "false",
        "Quality": "false",
        "QualityMin": "false",
        "Regular": "false",
        "Shrinkage": "false",
        "Table": "false",
        "UseControlBox": "false",
        "VtkPath": ".",
        "ControlBox": {
            "Xmax": "0",
            "Xmin": "0",
            "Ymax": "0",
            "Ymin": "0",
            "Zmax": "0",
            "Zmin": "0"
        }
    },
    "Preconditioners": {
        "OuterPreconditioner": "BlockPreconditioner2",
        "BlockPreconditioner2": {
            "Block0Preconditioner": "ILU",
            "Block1Approximation": "all",
            "Block1Preconditioner": "BlockILU",
            "Block2Preconditioner": "AMG",
            "Block2AMG": {
                "NCycles": "5",
                "SmootherSweeps": "4"
            }
        }
    },
    "Profiling": {
        "OutputMemoryConsumption": "false",
        "OutputTimeInterval": "900",
        "RunVmults": "false"
    },
    "Restart": {
        "FlexibleOutput": "false",
        "FullHistory": "true",
        "Interval": "20000",
        "MaximalOutput": "1",
        "Prefix": ".\/restart",
        "Type": "simulation_time"
    },
    "TimeIntegration": {
        "DesirableLinearIterations": "100",
        "DesirableNewtonIterations": "5",
        "GrowthFactor": "1.2",
        "IntegrationScheme": "BDF2",
        "MaxNTimeSteps": "0",
        "Predictor": "None",
        "SanityCheckPredictor": "false",
        "SanityCheckSolution": "false",
        "TimeEnd": "500",
        "TimeStart": "0",
        "TimeStepInit": "0.1",
        "TimeStepMax": "100",
        "TimeStepMin": "1e-05"
    }
}

Finite element: FE_Q<3>, n_subdivisions = 1
Create subdivided hyperrectangle [297.615500 x 287.851000 x 297.773000] = [-19.308000...278.307500 x -19.153900...268.697100 x -19.294700...278.478300] 
with 4 refinements (global = 0, delayed = 4) and 7x7x7 subdivisions

System statistics:
  - n cell:                    343 (min: 2, max: 3)
  - n cell w hanging nodes:    0 (min: 0, max: 0)
  - n cell wo hanging nodes:   343 (min: 2, max: 3)
  - n cell fine batch:         0 (min: 0, max: 0)
  - n levels:                  1
  - n coarse cells:            343
  - n theoretical fine cells:  343
  - n dofs:                    512

Mobility type: scalar

Number of local refinements to be performed: 5
Execute refinement/coarsening:
System statistics:
  - n cell:                    2366 (min: 8, max: 20)
  - n cell w hanging nodes:    542 (min: 0, max: 12)
  - n cell wo hanging nodes:   1824 (min: 2, max: 18)
  - n cell fine batch:         2312 (min: 8, max: 16)
  - n levels:                  2
  - n coarse cells:            343
  - n theoretical fine cells:  2058
  - n dofs:                    3025
  - n components:              11

Execute refinement/coarsening:
System statistics:
  - n cell:                    15106 (min: 88, max: 101)
  - n cell w hanging nodes:    4241 (min: 0, max: 63)
  - n cell wo hanging nodes:   10865 (min: 35, max: 97)
  - n cell fine batch:         14560 (min: 72, max: 96)
  - n levels:                  3
  - n coarse cells:            343
  - n theoretical fine cells:  12348
  - n dofs:                    17728
  - n components:              11

Execute refinement/coarsening:
System statistics:
  - n cell:                    92092 (min: 568, max: 583)
  - n cell w hanging nodes:    34316 (min: 66, max: 356)
  - n cell wo hanging nodes:   57776 (min: 220, max: 504)
  - n cell fine batch:         88408 (min: 496, max: 576)
  - n levels:                  4
  - n coarse cells:            343
  - n theoretical fine cells:  74088
  - n dofs:                    105651
  - n components:              11

Execute refinement/coarsening:
System statistics:
  - n cell:                    512533 (min: 3197, max: 3210)
  - n cell w hanging nodes:    208615 (min: 690, max: 1867)
  - n cell wo hanging nodes:   303918 (min: 1338, max: 2513)
  - n cell fine batch:         489256 (min: 2880, max: 3160)
  - n levels:                  5
  - n coarse cells:            343
  - n theoretical fine cells:  444528
  - n dofs:                    589133
  - n components:              11

Execute refinement/coarsening:
System statistics:
  - n cell:                    2977499 (min: 18602, max: 18616)
  - n cell w hanging nodes:    1008349 (min: 4292, max: 8303)
  - n cell wo hanging nodes:   1969150 (min: 10303, max: 14322)
  - n cell fine batch:         2858176 (min: 17352, max: 18208)
  - n levels:                  6
  - n coarse cells:            343
  - n theoretical fine cells:  2667168
  - n dofs:                    3354187
  - n components:              11

Execute grain tracker:
[96mCollisions detected: 0 | has_reassigned_grains = false | has_op_number_changed = false[0m
Grain tracker CPU time = 0.546347 sec
Number of order parameters: 9
Number of grains: 51
op_index_current = 0 | op_index_old = 0 | segments = 1 | grain_index = 0
    segment: center = 87.1271 34.3319 38.0564 | radius = 42.7459 | max_value = 1
op_index_current = 0 | op_index_old = 0 | segments = 1 | grain_index = 1
    segment: center = 23.8365 151.378 23.8137 | radius = 31.959 | max_value = 1
op_index_current = 0 | op_index_old = 0 | segments = 1 | grain_index = 2
    segment: center = 131.965 129.424 76.6581 | radius = 40.1386 | max_value = 1
op_index_current = 0 | op_index_old = 0 | segments = 1 | grain_index = 3
    segment: center = 29.2368 88.6958 128.707 | radius = 37.824 | max_value = 1
op_index_current = 0 | op_index_old = 0 | segments = 1 | grain_index = 4
    segment: center = 215.566 51.2835 32.5383 | radius = 41.1435 | max_value = 1
op_index_current = 0 | op_index_old = 0 | segments = 1 | grain_index = 5
    segment: center = 224.284 175.366 33.6599 | radius = 42.1582 | max_value = 1
op_index_current = 0 | op_index_old = 0 | segments = 1 | grain_index = 6
    segment: center = 214.847 24.7825 148.42 | radius = 33.3754 | max_value = 1
op_index_current = 0 | op_index_old = 0 | segments = 1 | grain_index = 7
    segment: center = 31.6305 212.071 168.643 | radius = 39.9106 | max_value = 1
op_index_current = 0 | op_index_old = 0 | segments = 1 | grain_index = 8
    segment: center = 232.408 195.598 132.481 | radius = 35.4867 | max_value = 1
op_index_current = 0 | op_index_old = 0 | segments = 1 | grain_index = 9
    segment: center = 32.8199 43.1786 225.556 | radius = 41.0456 | max_value = 1
op_index_current = 0 | op_index_old = 0 | segments = 1 | grain_index = 10
    segment: center = 151.297 36.6198 222.749 | radius = 45.2285 | max_value = 1
op_index_current = 0 | op_index_old = 0 | segments = 1 | grain_index = 11
    segment: center = 204.832 137.428 217.133 | radius = 45.1723 | max_value = 1
op_index_current = 1 | op_index_old = 1 | segments = 1 | grain_index = 12
    segment: center = 124.733 86.4393 29.93 | radius = 38.4618 | max_value = 1
op_index_current = 1 | op_index_old = 1 | segments = 1 | grain_index = 13
    segment: center = 29.9835 124.92 81.0569 | radius = 38.5347 | max_value = 1
op_index_current = 1 | op_index_old = 1 | segments = 1 | grain_index = 14
    segment: center = 33.5319 33.561 159.758 | radius = 41.9694 | max_value = 1
op_index_current = 1 | op_index_old = 1 | segments = 1 | grain_index = 15
    segment: center = 28.7183 152.798 182.797 | radius = 37.534 | max_value = 1
op_index_current = 1 | op_index_old = 1 | segments = 1 | grain_index = 16
    segment: center = 171.519 104.97 117.995 | radius = 38.3821 | max_value = 1
op_index_current = 1 | op_index_old = 1 | segments = 1 | grain_index = 17
    segment: center = 93.6634 203.394 36.1252 | radius = 44.5086 | max_value = 1
op_index_current = 1 | op_index_old = 1 | segments = 1 | grain_index = 18
    segment: center = 218.519 220.528 80.4744 | radius = 37.8359 | max_value = 1
op_index_current = 1 | op_index_old = 1 | segments = 1 | grain_index = 19
    segment: center = 85.8799 84.8171 222.956 | radius = 38.6117 | max_value = 1
op_index_current = 1 | op_index_old = 1 | segments = 1 | grain_index = 20
    segment: center = 220.953 200.159 189.899 | radius = 38.6399 | max_value = 1
op_index_current = 2 | op_index_old = 2 | segments = 1 | grain_index = 21
    segment: center = 36.3559 35.814 90.0964 | radius = 44.5874 | max_value = 1
op_index_current = 2 | op_index_old = 2 | segments = 1 | grain_index = 22
    segment: center = 79.2508 133.468 34.8648 | radius = 43.5883 | max_value = 1
op_index_current = 2 | op_index_old = 2 | segments = 1 | grain_index = 23
    segment: center = 161.439 28.9368 157.536 | radius = 37.6481 | max_value = 1
op_index_current = 2 | op_index_old = 2 | segments = 1 | grain_index = 24
    segment: center = 73.5846 129.07 146.673 | radius = 41.1979 | max_value = 1
op_index_current = 2 | op_index_old = 2 | segments = 1 | grain_index = 25
    segment: center = 206.717 91.6808 75.669 | radius = 34.8595 | max_value = 1
op_index_current = 2 | op_index_old = 2 | segments = 1 | grain_index = 26
    segment: center = 191.495 155.952 151.306 | radius = 41.0022 | max_value = 1
op_index_current = 2 | op_index_old = 2 | segments = 1 | grain_index = 27
    segment: center = 80.0704 209.419 203.491 | radius = 36.1595 | max_value = 1
op_index_current = 3 | op_index_old = 3 | segments = 1 | grain_index = 28
    segment: center = 34.4287 79.6023 34.2543 | radius = 43.2215 | max_value = 1
op_index_current = 3 | op_index_old = 3 | segments = 1 | grain_index = 29
    segment: center = 102.265 30.0912 101.47 | radius = 38.7585 | max_value = 1
op_index_current = 3 | op_index_old = 3 | segments = 1 | grain_index = 30
    segment: center = 29.6315 168.75 124.626 | radius = 38.7487 | max_value = 1
op_index_current = 3 | op_index_old = 3 | segments = 1 | grain_index = 31
    segment: center = 183.24 168.598 86.6959 | radius = 41.6729 | max_value = 1
op_index_current = 3 | op_index_old = 3 | segments = 1 | grain_index = 32
    segment: center = 225.602 77.3401 129.094 | radius = 39.8738 | max_value = 1
op_index_current = 3 | op_index_old = 3 | segments = 1 | grain_index = 33
    segment: center = 37.0454 93.8357 187.725 | radius = 38.4761 | max_value = 1
op_index_current = 3 | op_index_old = 3 | segments = 1 | grain_index = 34
    segment: center = 140.441 112.268 204.509 | radius = 41.7614 | max_value = 1
op_index_current = 4 | op_index_old = 4 | segments = 1 | grain_index = 35
    segment: center = 153.791 32.0118 40.1556 | radius = 40.5046 | max_value = 1
op_index_current = 4 | op_index_old = 4 | segments = 1 | grain_index = 36
    segment: center = 152.435 176.035 28.7987 | radius = 37.1264 | max_value = 1
op_index_current = 4 | op_index_old = 4 | segments = 1 | grain_index = 37
    segment: center = 116.702 75.4396 148.109 | radius = 44.2419 | max_value = 1
op_index_current = 4 | op_index_old = 4 | segments = 1 | grain_index = 38
    segment: center = 29.0105 182.431 67.0243 | radius = 37.2396 | max_value = 1
op_index_current = 4 | op_index_old = 4 | segments = 1 | grain_index = 39
    segment: center = 85.6098 190.664 149.501 | radius = 37.5392 | max_value = 1
op_index_current = 5 | op_index_old = 5 | segments = 1 | grain_index = 40
    segment: center = 176.741 120.356 31.7776 | radius = 40.0437 | max_value = 1
op_index_current = 5 | op_index_old = 5 | segments = 1 | grain_index = 41
    segment: center = 82.9135 167.041 92.9208 | radius = 40.0708 | max_value = 1
op_index_current = 5 | op_index_old = 5 | segments = 1 | grain_index = 42
    segment: center = 191.533 76.8682 182.93 | radius = 41.0207 | max_value = 1
op_index_current = 5 | op_index_old = 5 | segments = 1 | grain_index = 43
    segment: center = 90.2775 31.2611 191.899 | radius = 39.8039 | max_value = 1
op_index_current = 5 | op_index_old = 5 | segments = 1 | grain_index = 44
    segment: center = 136.822 184.72 188.949 | radius = 42.6301 | max_value = 1
op_index_current = 6 | op_index_old = 6 | segments = 1 | grain_index = 45
    segment: center = 139.828 70.9676 83.6865 | radius = 35.9039 | max_value = 1
op_index_current = 6 | op_index_old = 6 | segments = 1 | grain_index = 46
    segment: center = 133.58 184.678 118.767 | radius = 35.9907 | max_value = 1
op_index_current = 6 | op_index_old = 6 | segments = 1 | grain_index = 47
    segment: center = 84.561 147.421 209.114 | radius = 40.9712 | max_value = 1
op_index_current = 7 | op_index_old = 7 | segments = 1 | grain_index = 48
    segment: center = 180.9 31.4686 99.7162 | radius = 39.8305 | max_value = 1
op_index_current = 7 | op_index_old = 7 | segments = 1 | grain_index = 49
    segment: center = 133.71 137.229 148.338 | radius = 36.6008 | max_value = 1
op_index_current = 8 | op_index_old = 8 | segments = 1 | grain_index = 50
    segment: center = 82.1589 89.4733 89.6063 | radius = 41.4701 | max_value = 1


it      res_abs      res_rel   ch_rel_abs   ch_res_rel   ac_rel_abs   ac_res_rel  mec_rel_abs  mec_res_rel  linear_iter
 0 1.206204e+03 ------------ 1.631435e-12 ------------ 2.391382e+02 ------------ 0.000000e+00 ------------            0

Create sparsity pattern (cahn_hilliard_op) with:
 - NNZ: 369002412


Create block sparsity pattern (allen_cahn_op) with:
 - number of blocks: 9
 - NNZ:              92250603

 1 2.122279e+01 1.759470e-02 2.780313e+01 1.704213e+13 6.373058e-01 2.665011e-03 0.000000e+00 0.000000e+00            5
 2 4.486736e-01 3.719716e-04 4.105467e-01 2.516475e+11 1.568625e-02 6.559493e-05 0.000000e+00 0.000000e+00            5
 3 4.985545e-03 4.133253e-06 3.179506e-03 1.948901e+09 1.324140e-04 5.537133e-07 0.000000e+00 0.000000e+00            7

t = 0, t_n = 0, dt = 0.1: solved in 3 Newton iterations and 17 linear iterations
[32mIncreasing timestep, dt = 0.12[0m

it      res_abs      res_rel   ch_rel_abs   ch_res_rel   ac_rel_abs   ac_res_rel  mec_rel_abs  mec_res_rel  linear_iter
 0 5.362722e+02 ------------ 6.483417e+02 ------------ 2.782343e+02 ------------ 0.000000e+00 ------------            0
 1 1.023139e+01 1.907874e-02 1.273289e+01 1.963917e-02 5.691282e-01 2.045500e-03 0.000000e+00 0.000000e+00            4
 2 1.733658e-01 3.232795e-04 7.651201e-02 1.180119e-04 1.142228e-02 4.105275e-05 0.000000e+00 0.000000e+00            5
 3 2.293056e-03 4.275918e-06 1.003973e-03 1.548524e-06 3.354359e-05 1.205588e-07 0.000000e+00 0.000000e+00            8

t = 0.1, t_n = 1, dt = 0.12: solved in 3 Newton iterations and 17 linear iterations
[32mIncreasing timestep, dt = 0.144[0m

it      res_abs      res_rel   ch_rel_abs   ch_res_rel   ac_rel_abs   ac_res_rel  mec_rel_abs  mec_res_rel  linear_iter
 0 2.990944e+02 ------------ 2.937123e+02 ------------ 2.152300e+02 ------------ 0.000000e+00 ------------            0
 1 5.397037e+00 1.804460e-02 5.673064e+00 1.931504e-02 4.283005e-01 1.989966e-03 0.000000e+00 0.000000e+00            4
 2 1.688645e-01 5.645859e-04 7.450970e-02 2.536826e-04 9.060336e-03 4.209606e-05 0.000000e+00 0.000000e+00            5
 3 2.318955e-03 7.753257e-06 7.044053e-04 2.398283e-06 3.461752e-05 1.608396e-07 0.000000e+00 0.000000e+00            8

t = 0.22, t_n = 2, dt = 0.144: solved in 3 Newton iterations and 17 linear iterations
[32mIncreasing timestep, dt = 0.1728[0m

it      res_abs      res_rel   ch_rel_abs   ch_res_rel   ac_rel_abs   ac_res_rel  mec_rel_abs  mec_res_rel  linear_iter
 0 2.075300e+02 ------------ 1.820763e+02 ------------ 1.627662e+02 ------------ 0.000000e+00 ------------            0
 1 4.413867e+00 2.126857e-02 4.181109e+00 2.296350e-02 3.392500e-01 2.084278e-03 0.000000e+00 0.000000e+00            4
 2 2.112438e-01 1.017895e-03 8.214375e-02 4.511502e-04 6.960148e-03 4.276163e-05 0.000000e+00 0.000000e+00            5
 3 1.665949e-03 8.027508e-06 5.358779e-04 2.943151e-06 3.612744e-05 2.219591e-07 0.000000e+00 0.000000e+00            8

t = 0.364, t_n = 3, dt = 0.1728: solved in 3 Newton iterations and 17 linear iterations
[32mIncreasing timestep, dt = 0.20736[0m

it      res_abs      res_rel   ch_rel_abs   ch_res_rel   ac_rel_abs   ac_res_rel  mec_rel_abs  mec_res_rel  linear_iter
 0 1.556209e+02 ------------ 1.354478e+02 ------------ 1.226573e+02 ------------ 0.000000e+00 ------------            0
 1 2.784080e+00 1.789014e-02 1.861148e+00 1.374070e-02 2.211812e-01 1.803246e-03 0.000000e+00 0.000000e+00            5
 2 1.634565e-01 1.050350e-03 4.255979e-02 3.142154e-04 3.595100e-03 2.931012e-05 0.000000e+00 0.000000e+00            5
 3 1.225735e-03 7.876419e-06 4.008736e-04 2.959617e-06 2.506796e-05 2.043740e-07 0.000000e+00 0.000000e+00            8

t = 0.5368, t_n = 4, dt = 0.20736: solved in 3 Newton iterations and 18 linear iterations
[32mIncreasing timestep, dt = 0.248832[0m

it      res_abs      res_rel   ch_rel_abs   ch_res_rel   ac_rel_abs   ac_res_rel  mec_rel_abs  mec_res_rel  linear_iter
 0 1.223450e+02 ------------ 1.106827e+02 ------------ 9.403709e+01 ------------ 0.000000e+00 ------------            0
 1 2.755506e+00 2.252242e-02 1.528722e+00 1.381175e-02 1.645039e-01 1.749351e-03 0.000000e+00 0.000000e+00            5
 2 6.541866e-02 5.347064e-04 2.435688e-02 2.200605e-04 2.199148e-03 2.338596e-05 0.000000e+00 0.000000e+00            6
 3 7.127925e-04 5.826085e-06 3.016550e-04 2.725404e-06 1.961876e-05 2.086279e-07 0.000000e+00 0.000000e+00            8

t = 0.74416, t_n = 5, dt = 0.248832: solved in 3 Newton iterations and 19 linear iterations
[32mIncreasing timestep, dt = 0.298598[0m

it      res_abs      res_rel   ch_rel_abs   ch_res_rel   ac_rel_abs   ac_res_rel  mec_rel_abs  mec_res_rel  linear_iter
 0 1.005051e+02 ------------ 9.482406e+01 ------------ 7.486975e+01 ------------ 0.000000e+00 ------------            0
 1 2.903388e+00 2.888796e-02 1.420662e+00 1.498208e-02 1.302989e-01 1.740342e-03 0.000000e+00 0.000000e+00            5
 2 6.900532e-02 6.865851e-04 2.888078e-02 3.045723e-04 2.514192e-03 3.358088e-05 0.000000e+00 0.000000e+00            6
 3 8.684644e-04 8.640996e-06 3.621489e-04 3.819166e-06 2.137648e-05 2.855156e-07 0.000000e+00 0.000000e+00            8

t = 0.992992, t_n = 6, dt = 0.298598: solved in 3 Newton iterations and 19 linear iterations
[32mIncreasing timestep, dt = 0.358318[0m

it      res_abs      res_rel   ch_rel_abs   ch_res_rel   ac_rel_abs   ac_res_rel  mec_rel_abs  mec_res_rel  linear_iter
 0 8.581411e+01 ------------ 8.333393e+01 ------------ 6.238421e+01 ------------ 0.000000e+00 ------------            0
 1 2.548525e+00 2.969820e-02 7.933283e-01 9.519872e-03 1.102811e-01 1.767772e-03 0.000000e+00 0.000000e+00            6
 2 7.499561e-02 8.739310e-04 2.310229e-02 2.772255e-04 2.333433e-03 3.740423e-05 0.000000e+00 0.000000e+00            6
 3 5.010459e-04 5.838736e-06 1.605991e-04 1.927176e-06 1.291680e-05 2.070524e-07 0.000000e+00 0.000000e+00            9

t = 1.29159, t_n = 7, dt = 0.358318: solved in 3 Newton iterations and 21 linear iterations
[32mIncreasing timestep, dt = 0.429982[0m

it      res_abs      res_rel   ch_rel_abs   ch_res_rel   ac_rel_abs   ac_res_rel  mec_rel_abs  mec_res_rel  linear_iter
 0 7.525860e+01 ------------ 7.429455e+01 ------------ 5.388893e+01 ------------ 0.000000e+00 ------------            0
 1 2.854481e+00 3.792897e-02 8.185420e-01 1.101752e-02 1.346805e-01 2.499224e-03 0.000000e+00 0.000000e+00            6
 2 5.700920e-02 7.575107e-04 1.787614e-02 2.406117e-04 1.523351e-03 2.826834e-05 0.000000e+00 0.000000e+00            7
 3 6.842471e-04 9.091946e-06 1.671962e-04 2.250450e-06 9.420311e-06 1.748098e-07 0.000000e+00 0.000000e+00            9

t = 1.64991, t_n = 8, dt = 0.429982: solved in 3 Newton iterations and 22 linear iterations
[32mIncreasing timestep, dt = 0.515978[0m

it      res_abs      res_rel   ch_rel_abs   ch_res_rel   ac_rel_abs   ac_res_rel  mec_rel_abs  mec_res_rel  linear_iter
 0 6.692959e+01 ------------ 6.674819e+01 ------------ 4.745429e+01 ------------ 0.000000e+00 ------------            0
 1 3.265841e+00 4.879518e-02 8.828885e-01 1.322715e-02 1.917836e-01 4.041438e-03 0.000000e+00 0.000000e+00            6
 2 7.995128e-02 1.194558e-03 2.215155e-02 3.318674e-04 2.366616e-03 4.987149e-05 0.000000e+00 0.000000e+00            7
 3 1.022613e-03 1.527893e-05 2.286466e-04 3.425510e-06 1.514602e-05 3.191707e-07 0.000000e+00 0.000000e+00            9
 4 7.665156e-06 1.145257e-07 1.887194e-06 2.827333e-08 1.255159e-07 2.644984e-09 0.000000e+00 0.000000e+00           10

t = 2.07989, t_n = 9, dt = 0.515978: solved in 4 Newton iterations and 32 linear iterations
[32mIncreasing timestep, dt = 0.619174[0m
Execute refinement/coarsening:
System statistics:
  - n cell:                    2815526 (min: 17590, max: 17604)
  - n cell w hanging nodes:    1038340 (min: 4801, max: 8175)
  - n cell wo hanging nodes:   1777186 (min: 9423, max: 12794)
  - n cell fine batch:         2692200 (min: 16368, max: 17160)
  - n levels:                  6
  - n coarse cells:            343
  - n theoretical fine cells:  2667168
  - n dofs:                    3203214
  - n components:              11


it      res_abs      res_rel   ch_rel_abs   ch_res_rel   ac_rel_abs   ac_res_rel  mec_rel_abs  mec_res_rel  linear_iter
 0 1.388879e+02 ------------ 6.102978e+01 ------------ 4.645408e+01 ------------ 0.000000e+00 ------------            0

Create sparsity pattern (cahn_hilliard_op) with:
 - NNZ: 352871216


Create block sparsity pattern (allen_cahn_op) with:
 - number of blocks: 9
 - NNZ:              88217804

 1 3.420399e+00 2.462706e-02 7.798293e-01 1.277785e-02 2.188177e-01 4.710410e-03 0.000000e+00 0.000000e+00            7
 2 8.868863e-02 6.385629e-04 2.419999e-02 3.965276e-04 3.671861e-03 7.904281e-05 0.000000e+00 0.000000e+00            7
 3 5.477799e-04 3.944044e-06 1.674355e-04 2.743505e-06 1.920023e-05 4.133164e-07 0.000000e+00 0.000000e+00           10

t = 2.59587, t_n = 10, dt = 0.619174: solved in 3 Newton iterations and 24 linear iterations
[32mIncreasing timestep, dt = 0.743008[0m

it      res_abs      res_rel   ch_rel_abs   ch_res_rel   ac_rel_abs   ac_res_rel  mec_rel_abs  mec_res_rel  linear_iter
 0 5.466819e+01 ------------ 5.540514e+01 ------------ 3.812801e+01 ------------ 0.000000e+00 ------------            0
 1 3.770623e+00 6.897290e-02 7.036506e-01 1.270009e-02 2.701828e-01 7.086201e-03 0.000000e+00 0.000000e+00            7
 2 4.991450e-02 9.130447e-04 1.855015e-02 3.348092e-04 2.414015e-03 6.331343e-05 0.000000e+00 0.000000e+00            8
 3 6.997135e-04 1.279928e-05 1.395458e-04 2.518643e-06 2.010070e-05 5.271897e-07 0.000000e+00 0.000000e+00           10
 4 8.791730e-06 1.608199e-07 9.525591e-07 1.719261e-08 9.815996e-08 2.574484e-09 0.000000e+00 0.000000e+00           11

t = 3.21504, t_n = 11, dt = 0.743008: solved in 4 Newton iterations and 36 linear iterations
[32mIncreasing timestep, dt = 0.89161[0m

it      res_abs      res_rel   ch_rel_abs   ch_res_rel   ac_rel_abs   ac_res_rel  mec_rel_abs  mec_res_rel  linear_iter
 0 4.751877e+01 ------------ 4.930548e+01 ------------ 3.228806e+01 ------------ 0.000000e+00 ------------            0
 1 4.181630e+00 8.799953e-02 7.368779e-01 1.494515e-02 3.470019e-01 1.074707e-02 0.000000e+00 0.000000e+00            7
 2 6.824673e-02 1.436206e-03 2.396933e-02 4.861392e-04 3.326256e-03 1.030182e-04 0.000000e+00 0.000000e+00            8
 3 1.027735e-03 2.162798e-05 1.627497e-04 3.300845e-06 2.412542e-05 7.471932e-07 0.000000e+00 0.000000e+00           11
 4 7.209135e-06 1.517113e-07 7.481727e-07 1.517423e-08 1.251941e-07 3.877412e-09 0.000000e+00 0.000000e+00           11

t = 3.95805, t_n = 12, dt = 0.89161: solved in 4 Newton iterations and 37 linear iterations
[32mIncreasing timestep, dt = 1.06993[0m

it      res_abs      res_rel   ch_rel_abs   ch_res_rel   ac_rel_abs   ac_res_rel  mec_rel_abs  mec_res_rel  linear_iter
 0 4.170422e+01 ------------ 4.425099e+01 ------------ 2.757113e+01 ------------ 0.000000e+00 ------------            0
 1 4.387607e+00 1.052077e-01 5.484236e-01 1.239348e-02 3.473676e-01 1.259896e-02 0.000000e+00 0.000000e+00            8
 2 7.061173e-02 1.693155e-03 2.516974e-02 5.687949e-04 4.664287e-03 1.691729e-04 0.000000e+00 0.000000e+00            8
 3 8.531312e-04 2.045671e-05 1.880181e-04 4.248902e-06 3.873597e-05 1.404947e-06 0.000000e+00 0.000000e+00           11
 4 7.005602e-06 1.679830e-07 1.241140e-06 2.804774e-08 2.214115e-07 8.030556e-09 0.000000e+00 0.000000e+00           11

t = 4.84966, t_n = 13, dt = 1.06993: solved in 4 Newton iterations and 38 linear iterations
[32mIncreasing timestep, dt = 1.28392[0m

it      res_abs      res_rel   ch_rel_abs   ch_res_rel   ac_rel_abs   ac_res_rel  mec_rel_abs  mec_res_rel  linear_iter
 0 3.652825e+01 ------------ 3.969613e+01 ------------ 2.337567e+01 ------------ 0.000000e+00 ------------            0
 1 4.747554e+00 1.299694e-01 6.048657e-01 1.523740e-02 4.067914e-01 1.740234e-02 0.000000e+00 0.000000e+00            8
 2 6.920328e-02 1.894514e-03 1.827057e-02 4.602609e-04 4.164450e-03 1.781532e-04 0.000000e+00 0.000000e+00            9
 3 7.711320e-04 2.111056e-05 1.567360e-04 3.948396e-06 4.912342e-05 2.101477e-06 0.000000e+00 0.000000e+00           11
 4 1.574640e-05 4.310746e-07 1.964032e-06 4.947668e-08 4.202486e-07 1.797803e-08 0.000000e+00 0.000000e+00           11

t = 5.91959, t_n = 14, dt = 1.28392: solved in 4 Newton iterations and 39 linear iterations
[32mIncreasing timestep, dt = 1.5407[0m

it      res_abs      res_rel   ch_rel_abs   ch_res_rel   ac_rel_abs   ac_res_rel  mec_rel_abs  mec_res_rel  linear_iter
 0 3.199413e+01 ------------ 3.558905e+01 ------------ 1.975686e+01 ------------ 0.000000e+00 ------------            0
 1 5.084042e+00 1.589055e-01 6.678989e-01 1.876698e-02 4.699731e-01 2.378784e-02 0.000000e+00 0.000000e+00            8
 2 7.932279e-02 2.479292e-03 2.264640e-02 6.363306e-04 5.958775e-03 3.016053e-04 0.000000e+00 0.000000e+00            9
 3 6.027972e-04 1.884087e-05 1.655175e-04 4.650797e-06 5.950522e-05 3.011876e-06 0.000000e+00 0.000000e+00           12
 4 8.378273e-06 2.618691e-07 1.617922e-06 4.546122e-08 6.966944e-07 3.526341e-08 0.000000e+00 0.000000e+00           12

t = 7.20351, t_n = 15, dt = 1.5407: solved in 4 Newton iterations and 41 linear iterations
[32mIncreasing timestep, dt = 1.84884[0m

it      res_abs      res_rel   ch_rel_abs   ch_res_rel   ac_rel_abs   ac_res_rel  mec_rel_abs  mec_res_rel  linear_iter
 0 2.810371e+01 ------------ 3.187746e+01 ------------ 1.678488e+01 ------------ 0.000000e+00 ------------            0
 1 5.456584e+00 1.941589e-01 5.459615e-01 1.712688e-02 4.960173e-01 2.955143e-02 0.000000e+00 0.000000e+00            9
 2 5.948923e-02 2.116775e-03 1.523730e-02 4.779960e-04 4.837530e-03 2.882075e-04 0.000000e+00 0.000000e+00           10
 3 8.820416e-04 3.138524e-05 1.532098e-04 4.806212e-06 6.077968e-05 3.621097e-06 0.000000e+00 0.000000e+00           12
 4 8.515364e-06 3.029979e-07 1.105144e-06 3.466851e-08 8.103625e-07 4.827931e-08 0.000000e+00 0.000000e+00           13

t = 8.74421, t_n = 16, dt = 1.84884: solved in 4 Newton iterations and 44 linear iterations
[32mIncreasing timestep, dt = 2.21861[0m

it      res_abs      res_rel   ch_rel_abs   ch_res_rel   ac_rel_abs   ac_res_rel  mec_rel_abs  mec_res_rel  linear_iter
 0 2.477984e+01 ------------ 2.850102e+01 ------------ 1.441826e+01 ------------ 0.000000e+00 ------------            0
 1 5.998646e+00 2.420777e-01 5.967787e-01 2.093885e-02 5.662154e-01 3.927070e-02 0.000000e+00 0.000000e+00            9
 2 8.614167e-02 3.476281e-03 1.879963e-02 6.596124e-04 6.841410e-03 4.744961e-04 0.000000e+00 0.000000e+00           10
 3 5.856835e-04 2.363548e-05 1.536665e-04 5.391613e-06 8.532011e-05 5.917502e-06 0.000000e+00 0.000000e+00           13
 4 1.032289e-05 4.165842e-07 9.682716e-07 3.397323e-08 1.495527e-06 1.037245e-07 0.000000e+00 0.000000e+00           14

t = 10.5931, t_n = 17, dt = 2.21861: solved in 4 Newton iterations and 46 linear iterations
[32mIncreasing timestep, dt = 2.66233[0m

it      res_abs      res_rel   ch_rel_abs   ch_res_rel   ac_rel_abs   ac_res_rel  mec_rel_abs  mec_res_rel  linear_iter
 0 2.190591e+01 ------------ 2.540624e+01 ------------ 1.253516e+01 ------------ 0.000000e+00 ------------            0
 1 6.532369e+00 2.982012e-01 4.977529e-01 1.959176e-02 6.094766e-01 4.862136e-02 0.000000e+00 0.000000e+00           10
 2 1.151605e-01 5.257051e-03 1.435530e-02 5.650304e-04 6.013153e-03 4.797029e-04 0.000000e+00 0.000000e+00           11
 3 5.121383e-04 2.337900e-05 1.124568e-04 4.426344e-06 1.006338e-04 8.028121e-06 0.000000e+00 0.000000e+00           14
 4 9.070531e-06 4.140678e-07 8.790126e-07 3.459829e-08 1.962877e-06 1.565897e-07 0.000000e+00 0.000000e+00           15

t = 12.8117, t_n = 18, dt = 2.66233: solved in 4 Newton iterations and 50 linear iterations
[32mIncreasing timestep, dt = 3.1948[0m

it      res_abs      res_rel   ch_rel_abs   ch_res_rel   ac_rel_abs   ac_res_rel  mec_rel_abs  mec_res_rel  linear_iter
 0 1.937933e+01 ------------ 2.256267e+01 ------------ 1.100098e+01 ------------ 0.000000e+00 ------------            0
 1 7.167303e+00 3.698426e-01 5.546938e-01 2.458458e-02 6.940036e-01 6.308563e-02 0.000000e+00 0.000000e+00           10
 2 9.054239e-02 4.672111e-03 1.390310e-02 6.161994e-04 6.424686e-03 5.840105e-04 0.000000e+00 0.000000e+00           13
 3 1.363400e-03 7.035328e-05 1.197122e-04 5.305766e-06 1.451706e-04 1.319616e-05 0.000000e+00 0.000000e+00           15
 4 5.817212e-06 3.001761e-07 6.835266e-07 3.029458e-08 1.422416e-06 1.292990e-07 0.000000e+00 0.000000e+00           18

t = 15.474, t_n = 19, dt = 3.1948: solved in 4 Newton iterations and 56 linear iterations
[32mIncreasing timestep, dt = 3.83376[0m
Execute refinement/coarsening:
System statistics:
  - n cell:                    2777488 (min: 17352, max: 17366)
  - n cell w hanging nodes:    1048040 (min: 5053, max: 8107)
  - n cell wo hanging nodes:   1729448 (min: 9254, max: 12303)
  - n cell fine batch:         2652320 (min: 16160, max: 16904)
  - n levels:                  6
  - n coarse cells:            343
  - n theoretical fine cells:  2667168
  - n dofs:                    3169479
  - n components:              11


it      res_abs      res_rel   ch_rel_abs   ch_res_rel   ac_rel_abs   ac_res_rel  mec_rel_abs  mec_res_rel  linear_iter
 0 1.046247e+02 ------------ 2.001293e+01 ------------ 1.958035e+01 ------------ 0.000000e+00 ------------            0

Create sparsity pattern (cahn_hilliard_op) with:
 - NNZ: 349271172


Create block sparsity pattern (allen_cahn_op) with:
 - number of blocks: 9
 - NNZ:              87317793

 1 8.020912e+00 7.666364e-02 5.321256e-01 2.658909e-02 7.722933e-01 3.944226e-02 0.000000e+00 0.000000e+00           11
 2 1.125827e-01 1.076062e-03 1.371118e-02 6.851160e-04 8.873328e-03 4.531752e-04 0.000000e+00 0.000000e+00           14
 3 6.929296e-04 6.623001e-06 8.821297e-05 4.407799e-06 1.808481e-04 9.236202e-06 0.000000e+00 0.000000e+00           18

t = 18.6688, t_n = 20, dt = 3.83376: solved in 3 Newton iterations and 43 linear iterations
[32mIncreasing timestep, dt = 4.60051[0m

it      res_abs      res_rel   ch_rel_abs   ch_res_rel   ac_rel_abs   ac_res_rel  mec_rel_abs  mec_res_rel  linear_iter
 0 1.536313e+01 ------------ 1.775432e+01 ------------ 8.855389e+00 ------------ 0.000000e+00 ------------            0
 1 8.778598e+00 5.714068e-01 4.889096e-01 2.753751e-02 8.578849e-01 9.687715e-02 0.000000e+00 0.000000e+00           13
 2 1.494054e-01 9.724929e-03 1.389991e-02 7.829032e-04 1.010461e-02 1.141069e-03 0.000000e+00 0.000000e+00           14
 3 9.647049e-04 6.279351e-05 9.094560e-05 5.122450e-06 2.444003e-04 2.759905e-05 0.000000e+00 0.000000e+00           19
 4 6.905800e-06 4.495047e-07 9.350536e-07 5.266627e-08 1.650301e-06 1.863612e-07 0.000000e+00 0.000000e+00           20

t = 22.5026, t_n = 21, dt = 4.60051: solved in 4 Newton iterations and 66 linear iterations
[32mIncreasing timestep, dt = 5.52061[0m

it      res_abs      res_rel   ch_rel_abs   ch_res_rel   ac_rel_abs   ac_res_rel  mec_rel_abs  mec_res_rel  linear_iter
 0 1.341687e+01 ------------ 1.555998e+01 ------------ 7.678279e+00 ------------ 0.000000e+00 ------------            0
 1 9.784765e+00 7.292882e-01 4.144833e-01 2.663778e-02 9.719262e-01 1.265813e-01 0.000000e+00 0.000000e+00           14
 2 2.781636e-01 2.073238e-02 2.152430e-02 1.383312e-03 1.196205e-02 1.557907e-03 0.000000e+00 0.000000e+00           15
 3 1.811407e-03 1.350097e-04 2.057608e-04 1.322372e-05 5.055116e-04 6.583658e-05 0.000000e+00 0.000000e+00           18
 4 2.100780e-05 1.565775e-06 2.130794e-06 1.369407e-07 3.777876e-06 4.920212e-07 0.000000e+00 0.000000e+00           22

t = 27.1031, t_n = 22, dt = 5.52061: solved in 4 Newton iterations and 69 linear iterations
[32mIncreasing timestep, dt = 6.62474[0m

it      res_abs      res_rel   ch_rel_abs   ch_res_rel   ac_rel_abs   ac_res_rel  mec_rel_abs  mec_res_rel  linear_iter
 0 1.180917e+01 ------------ 1.362980e+01 ------------ 6.824283e+00 ------------ 0.000000e+00 ------------            0
 1 1.124573e+01 9.522882e-01 4.416207e-01 3.240113e-02 1.134485e+00 1.662424e-01 0.000000e+00 0.000000e+00           15
 2 4.230524e-01 3.582406e-02 2.354976e-02 1.727814e-03 1.689442e-02 2.475633e-03 0.000000e+00 0.000000e+00           17
 3 8.257515e-03 6.992460e-04 8.197114e-04 6.014114e-05 1.316834e-03 1.929630e-04 0.000000e+00 0.000000e+00           16
 4 8.268316e-05 7.001606e-06 9.789086e-06 7.182123e-07 3.098218e-05 4.539990e-06 0.000000e+00 0.000000e+00           24

t = 32.6237, t_n = 23, dt = 6.62474: solved in 4 Newton iterations and 72 linear iterations
[32mIncreasing timestep, dt = 7.94968[0m

it      res_abs      res_rel   ch_rel_abs   ch_res_rel   ac_rel_abs   ac_res_rel  mec_rel_abs  mec_res_rel  linear_iter
 0 1.040445e+01 ------------ 1.194671e+01 ------------ 6.073754e+00 ------------ 0.000000e+00 ------------            0
 1 1.359362e+01 1.306521e+00 4.528261e-01 3.790382e-02 1.354281e+00 2.229726e-01 0.000000e+00 0.000000e+00           18
 2 8.721151e-01 8.382139e-02 3.476670e-02 2.910148e-03 2.422844e-02 3.989039e-03 0.000000e+00 0.000000e+00           15
 3 2.918784e-02 2.805324e-03 2.937325e-03 2.458689e-04 2.829263e-03 4.658178e-04 0.000000e+00 0.000000e+00           15
 4 2.839052e-04 2.728692e-05 3.325196e-05 2.783356e-06 1.090338e-04 1.795163e-05 0.000000e+00 0.000000e+00           21
 5 4.731504e-06 4.547579e-07 3.258416e-07 2.727458e-08 6.257502e-07 1.030253e-07 0.000000e+00 0.000000e+00           25

t = 39.2484, t_n = 24, dt = 7.94968: solved in 5 Newton iterations and 94 linear iterations
Execute grain tracker:
[96mCollisions detected: 0 | has_reassigned_grains = false | has_op_number_changed = false[0m
Grain tracker CPU time = 0.546196 sec
Number of order parameters: 9
Number of grains: 51
op_index_current = 0 | op_index_old = 0 | segments = 1 | grain_index = 0
    segment: center = 87.1094 34.4108 38.1413 | radius = 44.0449 | max_value = 1.0003
op_index_current = 0 | op_index_old = 0 | segments = 1 | grain_index = 1
    segment: center = 23.7265 151.461 23.8378 | radius = 32.6089 | max_value = 1.00011
op_index_current = 0 | op_index_old = 0 | segments = 1 | grain_index = 2
    segment: center = 131.96 129.35 76.6697 | radius = 41.5356 | max_value = 1.00036
op_index_current = 0 | op_index_old = 0 | segments = 1 | grain_index = 3
    segment: center = 29.3305 88.7111 128.693 | radius = 39.3109 | max_value = 1.00018
op_index_current = 0 | op_index_old = 0 | segments = 1 | grain_index = 4
    segment: center = 215.503 51.5227 32.6209 | radius = 42.0054 | max_value = 1.00025
op_index_current = 0 | op_index_old = 0 | segments = 1 | grain_index = 5
    segment: center = 224.162 175.453 33.7406 | radius = 43.7058 | max_value = 1.00036
op_index_current = 0 | op_index_old = 0 | segments = 1 | grain_index = 6
    segment: center = 214.784 24.8846 148.331 | radius = 34.7207 | max_value = 1.00008
op_index_current = 0 | op_index_old = 0 | segments = 1 | grain_index = 7
    segment: center = 31.7106 211.951 168.691 | radius = 40.7402 | max_value = 1.0002
op_index_current = 0 | op_index_old = 0 | segments = 1 | grain_index = 8
    segment: center = 232.379 195.656 132.422 | radius = 36.602 | max_value = 1.00014
op_index_current = 0 | op_index_old = 0 | segments = 1 | grain_index = 9
    segment: center = 32.9274 43.2591 225.473 | radius = 42.5278 | max_value = 1.00022
op_index_current = 0 | op_index_old = 0 | segments = 1 | grain_index = 10
    segment: center = 151.346 36.64 222.6 | radius = 46.8039 | max_value = 1.00035
op_index_current = 0 | op_index_old = 0 | segments = 1 | grain_index = 11
    segment: center = 204.797 137.41 217.032 | radius = 47.2709 | max_value = 1.00018
op_index_current = 1 | op_index_old = 1 | segments = 1 | grain_index = 12
    segment: center = 124.769 86.4864 30.1491 | radius = 39.3766 | max_value = 1.00018
op_index_current = 1 | op_index_old = 1 | segments = 1 | grain_index = 13
    segment: center = 30.0912 124.955 81.1392 | radius = 39.4153 | max_value = 1.00028
op_index_current = 1 | op_index_old = 1 | segments = 1 | grain_index = 14
    segment: center = 33.5698 33.7079 159.83 | radius = 43.2804 | max_value = 1.00014
op_index_current = 1 | op_index_old = 1 | segments = 1 | grain_index = 15
    segment: center = 28.7802 152.777 182.722 | radius = 38.4827 | max_value = 1.00027
op_index_current = 1 | op_index_old = 1 | segments = 1 | grain_index = 16
    segment: center = 171.426 105.004 118.013 | radius = 39.8616 | max_value = 1.00031
op_index_current = 1 | op_index_old = 1 | segments = 1 | grain_index = 17
    segment: center = 93.6792 203.314 36.1468 | radius = 45.6471 | max_value = 1.00016
op_index_current = 1 | op_index_old = 1 | segments = 1 | grain_index = 18
    segment: center = 218.488 220.328 80.4756 | radius = 39.3206 | max_value = 1.00036
op_index_current = 1 | op_index_old = 1 | segments = 1 | grain_index = 19
    segment: center = 85.8413 84.8224 222.9 | radius = 39.7785 | max_value = 1.0003
op_index_current = 1 | op_index_old = 1 | segments = 1 | grain_index = 20
    segment: center = 220.9 200.057 189.808 | radius = 40.2061 | max_value = 1.00013
op_index_current = 2 | op_index_old = 2 | segments = 1 | grain_index = 21
    segment: center = 36.4529 35.959 90.1087 | radius = 45.6466 | max_value = 1.00031
op_index_current = 2 | op_index_old = 2 | segments = 1 | grain_index = 22
    segment: center = 79.187 133.413 35.0094 | radius = 45.2887 | max_value = 1.00049
op_index_current = 2 | op_index_old = 2 | segments = 1 | grain_index = 23
    segment: center = 161.501 28.9615 157.437 | radius = 38.5183 | max_value = 1.00022
op_index_current = 2 | op_index_old = 2 | segments = 1 | grain_index = 24
    segment: center = 73.4563 129.145 146.662 | radius = 43.1527 | max_value = 1.0003
op_index_current = 2 | op_index_old = 2 | segments = 1 | grain_index = 25
    segment: center = 206.631 91.718 75.6547 | radius = 36.1768 | max_value = 1.00013
op_index_current = 2 | op_index_old = 2 | segments = 1 | grain_index = 26
    segment: center = 191.492 155.992 151.248 | radius = 43.0034 | max_value = 1.00026
op_index_current = 2 | op_index_old = 2 | segments = 1 | grain_index = 27
    segment: center = 80.0977 209.342 203.456 | radius = 36.7017 | max_value = 1.00018
op_index_current = 3 | op_index_old = 3 | segments = 1 | grain_index = 28
    segment: center = 34.4594 79.6339 34.2977 | radius = 44.1931 | max_value = 1.00013
op_index_current = 3 | op_index_old = 3 | segments = 1 | grain_index = 29
    segment: center = 102.347 30.16 101.493 | radius = 39.8627 | max_value = 1.0003
op_index_current = 3 | op_index_old = 3 | segments = 1 | grain_index = 30
    segment: center = 29.6864 168.747 124.614 | radius = 39.5294 | max_value = 1.00046
op_index_current = 3 | op_index_old = 3 | segments = 1 | grain_index = 31
    segment: center = 183.152 168.652 86.7057 | radius = 43.7498 | max_value = 1.0005
op_index_current = 3 | op_index_old = 3 | segments = 1 | grain_index = 32
    segment: center = 225.43 77.3137 129.074 | radius = 41.2619 | max_value = 1.00032
op_index_current = 3 | op_index_old = 3 | segments = 1 | grain_index = 33
    segment: center = 37.0868 93.8468 187.652 | radius = 39.8439 | max_value = 1.0003
op_index_current = 3 | op_index_old = 3 | segments = 1 | grain_index = 34
    segment: center = 140.346 112.221 204.422 | radius = 43.4587 | max_value = 1.00017
op_index_current = 4 | op_index_old = 4 | segments = 1 | grain_index = 35
    segment: center = 153.814 32.147 40.2656 | radius = 41.8076 | max_value = 1.00016
op_index_current = 4 | op_index_old = 4 | segments = 1 | grain_index = 36
    segment: center = 152.401 175.989 28.853 | radius = 37.6648 | max_value = 1.00015
op_index_current = 4 | op_index_old = 4 | segments = 1 | grain_index = 37
    segment: center = 116.769 75.4826 148.062 | radius = 46.5046 | max_value = 1.00055
op_index_current = 4 | op_index_old = 4 | segments = 1 | grain_index = 38
    segment: center = 29.0867 182.337 66.9643 | radius = 38.0452 | max_value = 1.00014
op_index_current = 4 | op_index_old = 4 | segments = 1 | grain_index = 39
    segment: center = 85.6223 190.661 149.497 | radius = 38.5312 | max_value = 1.0001
op_index_current = 5 | op_index_old = 5 | segments = 1 | grain_index = 40
    segment: center = 176.688 120.377 31.8859 | radius = 41.5862 | max_value = 1.0002
op_index_current = 5 | op_index_old = 5 | segments = 1 | grain_index = 41
    segment: center = 82.8706 167.029 93.0149 | radius = 41.4472 | max_value = 1.00045
op_index_current = 5 | op_index_old = 5 | segments = 1 | grain_index = 42
    segment: center = 191.417 76.8629 182.933 | radius = 41.8452 | max_value = 1.00023
op_index_current = 5 | op_index_old = 5 | segments = 1 | grain_index = 43
    segment: center = 90.2258 31.3576 191.908 | radius = 41.2319 | max_value = 1.00015
op_index_current = 5 | op_index_old = 5 | segments = 1 | grain_index = 44
    segment: center = 136.614 184.667 188.882 | radius = 43.8737 | max_value = 1.00031
op_index_current = 6 | op_index_old = 6 | segments = 1 | grain_index = 45
    segment: center = 139.818 70.9522 83.7072 | radius = 36.8095 | max_value = 1.00017
op_index_current = 6 | op_index_old = 6 | segments = 1 | grain_index = 46
    segment: center = 133.52 184.534 118.825 | radius = 36.8983 | max_value = 1.00024
op_index_current = 6 | op_index_old = 6 | segments = 1 | grain_index = 47
    segment: center = 84.5515 147.463 209.017 | radius = 42.1261 | max_value = 1.00014
op_index_current = 7 | op_index_old = 7 | segments = 1 | grain_index = 48
    segment: center = 180.824 31.5253 99.7447 | radius = 41.9948 | max_value = 1.00023
op_index_current = 7 | op_index_old = 7 | segments = 1 | grain_index = 49
    segment: center = 133.779 137.285 148.326 | radius = 37.1747 | max_value = 1.00018
op_index_current = 8 | op_index_old = 8 | segments = 1 | grain_index = 50
    segment: center = 82.1042 89.5023 89.6486 | radius = 43.3873 | max_value = 1.00029


it      res_abs      res_rel   ch_rel_abs   ch_res_rel   ac_rel_abs   ac_res_rel  mec_rel_abs  mec_res_rel  linear_iter
 0 8.882965e+00 ------------ 1.013268e+01 ------------ 5.250854e+00 ------------ 0.000000e+00 ------------            0
 1 1.061474e+01 1.194954e+00 2.654884e-01 2.620120e-02 1.079407e+00 2.055679e-01 0.000000e+00 0.000000e+00           16
 2 4.761367e-01 5.360110e-02 3.744716e-02 3.695682e-03 2.315509e-02 4.409776e-03 0.000000e+00 0.000000e+00           15
 3 6.985681e-03 7.864132e-04 7.319367e-04 7.223525e-05 1.426657e-03 2.716999e-04 0.000000e+00 0.000000e+00           17
 4 5.719186e-05 6.438375e-06 6.554261e-06 6.468438e-07 1.329404e-05 2.531786e-06 0.000000e+00 0.000000e+00           23

t = 47.1981, t_n = 25, dt = 7.94968: solved in 4 Newton iterations and 71 linear iterations
[32mIncreasing timestep, dt = 9.53962[0m

it      res_abs      res_rel   ch_rel_abs   ch_res_rel   ac_rel_abs   ac_res_rel  mec_rel_abs  mec_res_rel  linear_iter
 0 8.159540e+00 ------------ 9.248275e+00 ------------ 4.879836e+00 ------------ 0.000000e+00 ------------            0
 1 1.046912e+01 1.283052e+00 2.566656e-01 2.775281e-02 1.170499e+00 2.398644e-01 0.000000e+00 0.000000e+00           15
 2 1.893758e-01 2.320913e-02 1.664041e-02 1.799299e-03 2.118341e-02 4.341008e-03 0.000000e+00 0.000000e+00           16
 3 2.063219e-03 2.528597e-04 1.861944e-04 2.013288e-05 4.325019e-04 8.863041e-05 0.000000e+00 0.000000e+00           22
 4 1.290110e-05 1.581106e-06 1.658047e-06 1.792817e-07 3.291846e-06 6.745811e-07 0.000000e+00 0.000000e+00           24

t = 55.1478, t_n = 26, dt = 9.53962: solved in 4 Newton iterations and 77 linear iterations
[32mIncreasing timestep, dt = 11.4475[0m

it      res_abs      res_rel   ch_rel_abs   ch_res_rel   ac_rel_abs   ac_res_rel  mec_rel_abs  mec_res_rel  linear_iter
 0 7.237999e+00 ------------ 8.164442e+00 ------------ 4.365727e+00 ------------ 0.000000e+00 ------------            0
 1 1.096176e+01 1.514474e+00 2.124199e-01 2.601768e-02 1.248848e+00 2.860574e-01 0.000000e+00 0.000000e+00           16
 2 1.069574e-01 1.477720e-02 9.788043e-03 1.198862e-03 2.208607e-02 5.058967e-03 0.000000e+00 0.000000e+00           16
 3 1.229142e-03 1.698180e-04 1.028314e-04 1.259504e-05 2.366102e-04 5.419720e-05 0.000000e+00 0.000000e+00           24
 4 1.383337e-05 1.911214e-06 1.026869e-06 1.257733e-07 2.187647e-06 5.010956e-07 0.000000e+00 0.000000e+00           26

t = 64.6874, t_n = 27, dt = 11.4475: solved in 4 Newton iterations and 82 linear iterations
[32mIncreasing timestep, dt = 13.7371[0m

it      res_abs      res_rel   ch_rel_abs   ch_res_rel   ac_rel_abs   ac_res_rel  mec_rel_abs  mec_res_rel  linear_iter
 0 6.394435e+00 ------------ 7.178195e+00 ------------ 3.889158e+00 ------------ 0.000000e+00 ------------            0
 1 1.173475e+01 1.835151e+00 2.075932e-01 2.891997e-02 1.371985e+00 3.527716e-01 0.000000e+00 0.000000e+00           16
 2 8.497973e-02 1.328964e-02 6.743359e-03 9.394227e-04 2.211833e-02 5.687177e-03 0.000000e+00 0.000000e+00           18
 3 1.186482e-03 1.855492e-04 1.024157e-04 1.426761e-05 2.735101e-04 7.032629e-05 0.000000e+00 0.000000e+00           24
 4 9.712933e-06 1.518967e-06 9.165362e-07 1.276834e-07 2.462833e-06 6.332561e-07 0.000000e+00 0.000000e+00           28

t = 76.135, t_n = 28, dt = 13.7371: solved in 4 Newton iterations and 86 linear iterations
[32mIncreasing timestep, dt = 16.4845[0m

it      res_abs      res_rel   ch_rel_abs   ch_res_rel   ac_rel_abs   ac_res_rel  mec_rel_abs  mec_res_rel  linear_iter
 0 5.636931e+00 ------------ 6.293334e+00 ------------ 3.460053e+00 ------------ 0.000000e+00 ------------            0
 1 1.260693e+01 2.236488e+00 1.847024e-01 2.934890e-02 1.520003e+00 4.393003e-01 0.000000e+00 0.000000e+00           17
 2 9.074101e-02 1.609759e-02 6.415346e-03 1.019387e-03 2.543100e-02 7.349886e-03 0.000000e+00 0.000000e+00           19
 3 1.326187e-03 2.352676e-04 1.024809e-04 1.628405e-05 3.342611e-04 9.660576e-05 0.000000e+00 0.000000e+00           26
 4 8.385605e-06 1.487619e-06 9.658468e-07 1.534714e-07 3.224152e-06 9.318216e-07 0.000000e+00 0.000000e+00           32

t = 89.872, t_n = 29, dt = 16.4845: solved in 4 Newton iterations and 94 linear iterations
[32mIncreasing timestep, dt = 19.7814[0m
Execute refinement/coarsening:
System statistics:
  - n cell:                    2732982 (min: 17074, max: 17088)
  - n cell w hanging nodes:    1044581 (min: 5229, max: 8036)
  - n cell wo hanging nodes:   1688401 (min: 9045, max: 11850)
  - n cell fine batch:         2607912 (min: 15880, max: 16600)
  - n levels:                  6
  - n coarse cells:            343
  - n theoretical fine cells:  2667168
  - n dofs:                    3124110
  - n components:              11


it      res_abs      res_rel   ch_rel_abs   ch_res_rel   ac_rel_abs   ac_res_rel  mec_rel_abs  mec_res_rel  linear_iter
 0 1.103179e+02 ------------ 5.488204e+00 ------------ 2.016146e+01 ------------ 0.000000e+00 ------------            0

Create sparsity pattern (cahn_hilliard_op) with:
 - NNZ: 344250288


Create block sparsity pattern (allen_cahn_op) with:
 - number of blocks: 9
 - NNZ:              86062572

 1 1.551039e+01 1.405972e-01 1.904153e-01 3.469537e-02 1.738773e+00 8.624241e-02 0.000000e+00 0.000000e+00           18
 2 1.530605e-01 1.387449e-03 7.518827e-03 1.369998e-03 3.194597e-02 1.584507e-03 0.000000e+00 0.000000e+00           20
 3 1.844920e-03 1.672367e-05 1.738267e-04 3.167277e-05 5.290592e-04 2.624111e-05 0.000000e+00 0.000000e+00           28
 4 6.282181e-05 5.694617e-07 1.565054e-06 2.851669e-07 6.403094e-06 3.175907e-07 0.000000e+00 0.000000e+00           38

t = 106.356, t_n = 30, dt = 19.7814: solved in 4 Newton iterations and 104 linear iterations

it      res_abs      res_rel   ch_rel_abs   ch_res_rel   ac_rel_abs   ac_res_rel  mec_rel_abs  mec_res_rel  linear_iter
 0 4.315545e+00 ------------ 4.719102e+00 ------------ 2.736598e+00 ------------ 0.000000e+00 ------------            0
 1 1.259262e+01 2.917968e+00 1.501569e-01 3.181896e-02 1.358715e+00 4.964977e-01 0.000000e+00 0.000000e+00           19
 2 1.297495e-01 3.006562e-02 5.778116e-03 1.224410e-03 2.868795e-02 1.048307e-02 0.000000e+00 0.000000e+00           19
 3 4.933546e-03 1.143203e-03 3.582945e-04 7.592429e-05 9.733616e-04 3.556830e-04 0.000000e+00 0.000000e+00           23
 4 8.988731e-05 2.082872e-05 3.600518e-06 7.629668e-07 1.699253e-05 6.209361e-06 0.000000e+00 0.000000e+00           35
 5 3.011838e-06 6.979043e-07 3.916880e-08 8.300054e-09 1.507505e-07 5.508684e-08 0.000000e+00 0.000000e+00           36

t = 126.138, t_n = 31, dt = 19.7814: solved in 5 Newton iterations and 132 linear iterations

it      res_abs      res_rel   ch_rel_abs   ch_res_rel   ac_rel_abs   ac_res_rel  mec_rel_abs  mec_res_rel  linear_iter
 0 3.805804e+00 ------------ 4.170848e+00 ------------ 2.405443e+00 ------------ 0.000000e+00 ------------            0
 1 1.010087e+01 2.654070e+00 1.044472e-01 2.504219e-02 1.126623e+00 4.683640e-01 0.000000e+00 0.000000e+00           19
 2 1.557507e-01 4.092453e-02 3.325053e-03 7.972127e-04 1.756406e-02 7.301799e-03 0.000000e+00 0.000000e+00           22
 3 6.140203e-03 1.613379e-03 9.901631e-05 2.374009e-05 2.877112e-04 1.196084e-04 0.000000e+00 0.000000e+00           28
 4 2.928784e-05 7.695574e-06 7.001950e-07 1.678783e-07 4.009247e-06 1.666739e-06 0.000000e+00 0.000000e+00           39

t = 145.919, t_n = 32, dt = 19.7814: solved in 4 Newton iterations and 108 linear iterations

it      res_abs      res_rel   ch_rel_abs   ch_res_rel   ac_rel_abs   ac_res_rel  mec_rel_abs  mec_res_rel  linear_iter
 0 3.475300e+00 ------------ 3.790599e+00 ------------ 2.212101e+00 ------------ 0.000000e+00 ------------            0
 1 8.249190e+00 2.373663e+00 8.914509e-02 2.351742e-02 9.765004e-01 4.414358e-01 0.000000e+00 0.000000e+00           19
 2 9.512304e-02 2.737118e-02 3.049936e-03 8.046053e-04 1.541560e-02 6.968761e-03 0.000000e+00 0.000000e+00           23
 3 1.654543e-03 4.760863e-04 7.185923e-05 1.895723e-05 2.194598e-04 9.920879e-05 0.000000e+00 0.000000e+00           31
 4 2.534638e-05 7.293294e-06 4.596889e-07 1.212708e-07 3.053014e-06 1.380143e-06 0.000000e+00 0.000000e+00           38

t = 165.701, t_n = 33, dt = 19.7814: solved in 4 Newton iterations and 111 linear iterations

it      res_abs      res_rel   ch_rel_abs   ch_res_rel   ac_rel_abs   ac_res_rel  mec_rel_abs  mec_res_rel  linear_iter
 0 3.221863e+00 ------------ 3.499514e+00 ------------ 2.063274e+00 ------------ 0.000000e+00 ------------            0
 1 9.041409e+00 2.806268e+00 8.798045e-02 2.514076e-02 8.782474e-01 4.256572e-01 0.000000e+00 0.000000e+00           20
 2 1.682581e-01 5.222386e-02 3.020507e-03 8.631218e-04 1.355875e-02 6.571474e-03 0.000000e+00 0.000000e+00           23
 3 6.982618e-03 2.167261e-03 1.119487e-04 3.198978e-05 2.129593e-04 1.032143e-04 0.000000e+00 0.000000e+00           32
 4 7.195394e-06 2.233303e-06 4.393009e-07 1.255320e-07 3.048399e-06 1.477457e-06 0.000000e+00 0.000000e+00           39

t = 185.482, t_n = 34, dt = 19.7814: solved in 4 Newton iterations and 114 linear iterations

it      res_abs      res_rel   ch_rel_abs   ch_res_rel   ac_rel_abs   ac_res_rel  mec_rel_abs  mec_res_rel  linear_iter
 0 3.027021e+00 ------------ 3.277976e+00 ------------ 1.946867e+00 ------------ 0.000000e+00 ------------            0
 1 8.104420e+00 2.677359e+00 8.375506e-02 2.555085e-02 8.398643e-01 4.313928e-01 0.000000e+00 0.000000e+00           20
 2 1.181510e-01 3.903213e-02 4.643588e-03 1.416602e-03 1.330548e-02 6.834305e-03 0.000000e+00 0.000000e+00           26
 3 6.271588e-03 2.071868e-03 9.469971e-05 2.888969e-05 3.496735e-04 1.796083e-04 0.000000e+00 0.000000e+00           37
 4 1.720327e-05 5.683237e-06 1.064340e-06 3.246944e-07 3.093028e-06 1.588721e-06 0.000000e+00 0.000000e+00           40

t = 205.263, t_n = 35, dt = 19.7814: solved in 4 Newton iterations and 123 linear iterations

it      res_abs      res_rel   ch_rel_abs   ch_res_rel   ac_rel_abs   ac_res_rel  mec_rel_abs  mec_res_rel  linear_iter
 0 2.887183e+00 ------------ 3.121767e+00 ------------ 1.860943e+00 ------------ 0.000000e+00 ------------            0
 1 7.862364e+00 2.723196e+00 8.317034e-02 2.664207e-02 9.277134e-01 4.985178e-01 0.000000e+00 0.000000e+00           24
 2 9.641056e-01 3.339261e-01 2.669901e-02 8.552531e-03 7.567731e-02 4.066610e-02 0.000000e+00 0.000000e+00           33
 3 1.631272e-01 5.650048e-02 5.572949e-03 1.785191e-03 1.815615e-02 9.756425e-03 0.000000e+00 0.000000e+00           48
 4 2.228877e-03 7.719902e-04 1.128026e-04 3.613421e-05 3.098483e-04 1.665007e-04 0.000000e+00 0.000000e+00           46
 5 1.815257e-05 6.287294e-06 1.132007e-06 3.626175e-07 3.943298e-06 2.118978e-06 0.000000e+00 0.000000e+00           70

t = 225.045, t_n = 36, dt = 19.7814: solved in 5 Newton iterations and 221 linear iterations

it      res_abs      res_rel   ch_rel_abs   ch_res_rel   ac_rel_abs   ac_res_rel  mec_rel_abs  mec_res_rel  linear_iter
 0 2.892017e+00 ------------ 3.153546e+00 ------------ 1.841559e+00 ------------ 0.000000e+00 ------------            0
 1 1.800823e+02 6.226875e+01 3.267247e+00 1.036055e+00 6.264461e+00 3.401717e+00 0.000000e+00 0.000000e+00           51
 2 5.216907e+01 1.803899e+01 1.092620e+00 3.464734e-01 9.073467e-01 4.927058e-01 0.000000e+00 0.000000e+00           21
 3 1.153006e+01 3.986856e+00 1.547892e+00 4.908416e-01 2.583520e-01 1.402898e-01 0.000000e+00 0.000000e+00           37
 4 1.720037e+00 5.947532e-01 7.682144e-01 2.436033e-01 4.461230e-02 2.422529e-02 0.000000e+00 0.000000e+00           39
 5 1.300920e-01 4.498313e-02 7.353897e-02 2.331945e-02 2.828559e-03 1.535959e-03 0.000000e+00 0.000000e+00           35
 6 1.885862e-03 6.520921e-04 7.386438e-04 2.342264e-04 9.803409e-05 5.323430e-05 0.000000e+00 0.000000e+00           48
 7 2.034451e-05 7.034713e-06 2.777575e-05 8.807782e-06 6.911800e-07 3.753234e-07 0.000000e+00 0.000000e+00           51

t = 244.826, t_n = 37, dt = 19.7814: solved in 7 Newton iterations and 282 linear iterations

it      res_abs      res_rel   ch_rel_abs   ch_res_rel   ac_rel_abs   ac_res_rel  mec_rel_abs  mec_res_rel  linear_iter
 0 3.079879e+00 ------------ 3.396019e+00 ------------ 1.928518e+00 ------------ 0.000000e+00 ------------            0
 1 1.577657e+02 5.122464e+01 3.499633e+00 1.030511e+00 5.787781e+00 3.001155e+00 0.000000e+00 0.000000e+00           40
 2 4.480016e+01 1.454608e+01 8.947382e-01 2.634668e-01 8.802545e-01 4.564409e-01 0.000000e+00 0.000000e+00           17
 3 1.014921e+01 3.295327e+00 1.298511e+00 3.823627e-01 2.346791e-01 1.216888e-01 0.000000e+00 0.000000e+00           25
 4 1.392199e+00 4.520304e-01 7.011065e-01 2.064495e-01 3.915368e-02 2.030247e-02 0.000000e+00 0.000000e+00           34
 5 1.143242e-01 3.711971e-02 9.133000e-02 2.689326e-02 2.626844e-03 1.362105e-03 0.000000e+00 0.000000e+00           28
 6 1.748773e-03 5.678058e-04 3.242501e-04 9.547947e-05 2.852801e-04 1.479271e-04 0.000000e+00 0.000000e+00           39
 7 1.154907e-05 3.749844e-06 7.665414e-07 2.257176e-07 5.138143e-06 2.664296e-06 0.000000e+00 0.000000e+00           56

t = 264.607, t_n = 38, dt = 19.7814: solved in 7 Newton iterations and 239 linear iterations

it      res_abs      res_rel   ch_rel_abs   ch_res_rel   ac_rel_abs   ac_res_rel  mec_rel_abs  mec_res_rel  linear_iter
 0 2.989122e+00 ------------ 3.282639e+00 ------------ 1.883345e+00 ------------ 0.000000e+00 ------------            0
 1 2.071476e+01 6.930050e+00 3.229903e-01 9.839351e-02 1.838982e+00 9.764445e-01 0.000000e+00 0.000000e+00           30
 2 1.974117e+00 6.604337e-01 9.859125e-02 3.003414e-02 1.654722e-01 8.786081e-02 0.000000e+00 0.000000e+00           35
 3 9.704781e-02 3.246700e-02 4.510990e-03 1.374196e-03 9.677725e-03 5.138583e-03 0.000000e+00 0.000000e+00           47
 4 4.513784e-04 1.510070e-04 4.367024e-05 1.330339e-05 1.830017e-04 9.716846e-05 0.000000e+00 0.000000e+00           67
 5 1.130200e-05 3.781044e-06 5.770675e-07 1.757938e-07 1.805334e-06 9.585785e-07 0.000000e+00 0.000000e+00           77

t = 284.389, t_n = 39, dt = 19.7814: solved in 5 Newton iterations and 256 linear iterations
Execute refinement/coarsening:
System statistics:
  - n cell:                    2695672 (min: 16841, max: 16855)
  - n cell w hanging nodes:    1030788 (min: 5071, max: 7911)
  - n cell wo hanging nodes:   1664884 (min: 8938, max: 11777)
  - n cell fine batch:         2572120 (min: 15680, max: 16384)
  - n levels:                  6
  - n coarse cells:            343
  - n theoretical fine cells:  2667168
  - n dofs:                    3081711
  - n components:              11


it      res_abs      res_rel   ch_rel_abs   ch_res_rel   ac_rel_abs   ac_res_rel  mec_rel_abs  mec_res_rel  linear_iter
 0 1.353532e+02 ------------ 3.226487e+00 ------------ 2.342597e+01 ------------ 0.000000e+00 ------------            0

Create sparsity pattern (cahn_hilliard_op) with:
 - NNZ: 339567924


Create block sparsity pattern (allen_cahn_op) with:
 - number of blocks: 9
 - NNZ:              84891981

 1 1.228562e+02 9.076708e-01 1.646050e+00 5.101679e-01 5.515718e+00 2.354531e-01 0.000000e+00 0.000000e+00           42
 2 3.379632e+01 2.496898e-01 9.626936e-01 2.983720e-01 7.085180e-01 3.024498e-02 0.000000e+00 0.000000e+00           16
 3 6.452070e+00 4.766839e-02 1.062418e+00 3.292800e-01 1.783708e-01 7.614235e-03 0.000000e+00 0.000000e+00           28
 4 1.010739e+00 7.467416e-03 4.484342e-01 1.389853e-01 2.936919e-02 1.253702e-03 0.000000e+00 0.000000e+00           40
 5 4.683179e-02 3.459969e-04 3.715292e-02 1.151498e-02 2.160235e-03 9.221539e-05 0.000000e+00 0.000000e+00           39
 6 5.686727e-04 4.201398e-06 9.636133e-05 2.986571e-05 9.967843e-05 4.255040e-06 0.000000e+00 0.000000e+00           49

t = 304.17, t_n = 40, dt = 19.7814: solved in 6 Newton iterations and 214 linear iterations

it      res_abs      res_rel   ch_rel_abs   ch_res_rel   ac_rel_abs   ac_res_rel  mec_rel_abs  mec_res_rel  linear_iter
 0 3.181125e+00 ------------ 3.459742e+00 ------------ 2.033384e+00 ------------ 0.000000e+00 ------------            0
 1 7.851293e+01 2.468087e+01 8.691091e-01 2.512063e-01 3.703514e+00 1.821355e+00 0.000000e+00 0.000000e+00           44
 2 2.024724e+01 6.364803e+00 6.141006e-01 1.774990e-01 4.038708e-01 1.986200e-01 0.000000e+00 0.000000e+00           22
 3 3.334643e+00 1.048259e+00 5.453681e-01 1.576326e-01 1.064533e-01 5.235277e-02 0.000000e+00 0.000000e+00           36
 4 4.040165e-01 1.270043e-01 1.068015e-01 3.086978e-02 1.007354e-02 4.954075e-03 0.000000e+00 0.000000e+00           38
 5 4.408646e-03 1.385876e-03 2.254503e-03 6.516392e-04 5.376355e-04 2.644043e-04 0.000000e+00 0.000000e+00           49
 6 2.980425e-05 9.369090e-06 2.811171e-06 8.125377e-07 1.673559e-05 8.230415e-06 0.000000e+00 0.000000e+00           58

t = 323.951, t_n = 41, dt = 19.7814: solved in 6 Newton iterations and 247 linear iterations

it      res_abs      res_rel   ch_rel_abs   ch_res_rel   ac_rel_abs   ac_res_rel  mec_rel_abs  mec_res_rel  linear_iter
 0 2.908667e+00 ------------ 3.186761e+00 ------------ 1.839190e+00 ------------ 0.000000e+00 ------------            0
 1 8.129765e+01 2.795014e+01 9.773974e-01 3.067055e-01 3.462104e+00 1.882407e+00 0.000000e+00 0.000000e+00           32
 2 2.230590e+01 7.668770e+00 5.011343e-01 1.572551e-01 5.507102e-01 2.994308e-01 0.000000e+00 0.000000e+00           19
 3 4.026610e+00 1.384349e+00 4.807251e-01 1.508507e-01 1.325237e-01 7.205545e-02 0.000000e+00 0.000000e+00           27
 4 4.626258e-01 1.590508e-01 1.215657e-01 3.814709e-02 1.672152e-02 9.091786e-03 0.000000e+00 0.000000e+00           27
 5 8.410427e-03 2.891505e-03 3.325776e-03 1.043623e-03 1.457755e-03 7.926068e-04 0.000000e+00 0.000000e+00           34
 6 8.042955e-05 2.765169e-05 8.043698e-06 2.524098e-06 2.837932e-05 1.543033e-05 0.000000e+00 0.000000e+00           60
 7 8.286548e-07 2.848916e-07 4.552121e-08 1.428447e-08 3.703832e-07 2.013838e-07 0.000000e+00 0.000000e+00           62

t = 343.733, t_n = 42, dt = 19.7814: solved in 7 Newton iterations and 261 linear iterations

it      res_abs      res_rel   ch_rel_abs   ch_res_rel   ac_rel_abs   ac_res_rel  mec_rel_abs  mec_res_rel  linear_iter
 0 2.897702e+00 ------------ 3.197061e+00 ------------ 1.812754e+00 ------------ 0.000000e+00 ------------            0
 1 1.354374e+02 4.673958e+01 1.690398e+00 5.287350e-01 5.457995e+00 3.010886e+00 0.000000e+00 0.000000e+00           39
 2 3.802504e+01 1.312248e+01 9.757448e-01 3.052005e-01 8.197683e-01 4.522227e-01 0.000000e+00 0.000000e+00           15
 3 7.312154e+00 2.523432e+00 1.118807e+00 3.499486e-01 2.105472e-01 1.161477e-01 0.000000e+00 0.000000e+00           22
 4 1.102868e+00 3.806008e-01 4.876082e-01 1.525176e-01 3.551669e-02 1.959268e-02 0.000000e+00 0.000000e+00           27
 5 5.306927e-02 1.831426e-02 4.174113e-02 1.305609e-02 2.327922e-03 1.284191e-03 0.000000e+00 0.000000e+00           31
 6 4.462754e-04 1.540101e-04 1.107530e-04 3.464214e-05 1.545676e-04 8.526676e-05 0.000000e+00 0.000000e+00           47
 7 5.450648e-06 1.881025e-06 8.565606e-07 2.679212e-07 2.362034e-06 1.303009e-06 0.000000e+00 0.000000e+00           75

t = 363.514, t_n = 43, dt = 19.7814: solved in 7 Newton iterations and 256 linear iterations

it      res_abs      res_rel   ch_rel_abs   ch_res_rel   ac_rel_abs   ac_res_rel  mec_rel_abs  mec_res_rel  linear_iter
 0 2.904834e+00 ------------ 3.191918e+00 ------------ 1.828631e+00 ------------ 0.000000e+00 ------------            0
 1 3.646875e+01 1.255450e+01 4.471693e-01 1.400942e-01 2.555387e+00 1.397432e+00 0.000000e+00 0.000000e+00           37
 2 6.817537e+00 2.346963e+00 2.626681e-01 8.229162e-02 3.131893e-01 1.712699e-01 0.000000e+00 0.000000e+00           24
 3 6.617135e-01 2.277973e-01 1.364552e-01 4.275022e-02 2.155120e-02 1.178543e-02 0.000000e+00 0.000000e+00           32
 4 1.993452e-02 6.862533e-03 8.240489e-03 2.581673e-03 1.660250e-03 9.079197e-04 0.000000e+00 0.000000e+00           35
 5 1.859721e-04 6.402160e-05 1.527818e-05 4.786521e-06 8.179897e-05 4.473236e-05 0.000000e+00 0.000000e+00           50
 6 1.376708e-06 4.739368e-07 1.890772e-07 5.923624e-08 7.479182e-07 4.090045e-07 0.000000e+00 0.000000e+00           78

t = 383.296, t_n = 44, dt = 19.7814: solved in 6 Newton iterations and 256 linear iterations

it      res_abs      res_rel   ch_rel_abs   ch_res_rel   ac_rel_abs   ac_res_rel  mec_rel_abs  mec_res_rel  linear_iter
 0 3.043569e+00 ------------ 3.389096e+00 ------------ 1.876253e+00 ------------ 0.000000e+00 ------------            0
 1 5.837146e+01 1.917862e+01 6.343402e-01 1.871709e-01 3.506434e+00 1.868849e+00 0.000000e+00 0.000000e+00           36
 2 1.162355e+01 3.819052e+00 4.061809e-01 1.198493e-01 3.648735e-01 1.944692e-01 0.000000e+00 0.000000e+00           18
 3 1.057164e+00 3.473437e-01 1.926240e-01 5.683639e-02 4.473295e-02 2.384164e-02 0.000000e+00 0.000000e+00           33
 4 3.508415e-02 1.152731e-02 1.294017e-02 3.818177e-03 2.654443e-03 1.414758e-03 0.000000e+00 0.000000e+00           32
 5 2.489159e-04 8.178422e-05 4.118028e-05 1.215081e-05 1.286569e-04 6.857116e-05 0.000000e+00 0.000000e+00           49
 6 3.114752e-06 1.023388e-06 2.702989e-07 7.975544e-08 1.382034e-06 7.365925e-07 0.000000e+00 0.000000e+00           87

t = 403.077, t_n = 45, dt = 19.7814: solved in 6 Newton iterations and 255 linear iterations

it      res_abs      res_rel   ch_rel_abs   ch_res_rel   ac_rel_abs   ac_res_rel  mec_rel_abs  mec_res_rel  linear_iter
 0 2.825385e+00 ------------ 3.093925e+00 ------------ 1.787907e+00 ------------ 0.000000e+00 ------------            0
 1 1.891283e+01 6.693894e+00 2.695486e-01 8.712188e-02 1.720697e+00 9.624086e-01 0.000000e+00 0.000000e+00           28
 2 1.876188e+00 6.640470e-01 8.336349e-02 2.694425e-02 1.723518e-01 9.639861e-02 0.000000e+00 0.000000e+00           33
 3 1.158346e-01 4.099783e-02 7.051947e-03 2.279288e-03 1.656575e-02 9.265440e-03 0.000000e+00 0.000000e+00           45
 4 7.077494e-04 2.504966e-04 4.595607e-05 1.485365e-05 2.959642e-04 1.655367e-04 0.000000e+00 0.000000e+00           58
 5 9.723518e-06 3.441485e-06 8.626272e-07 2.788132e-07 2.627838e-06 1.469784e-06 0.000000e+00 0.000000e+00           60

t = 422.858, t_n = 46, dt = 19.7814: solved in 5 Newton iterations and 224 linear iterations

it      res_abs      res_rel   ch_rel_abs   ch_res_rel   ac_rel_abs   ac_res_rel  mec_rel_abs  mec_res_rel  linear_iter
 0 2.830197e+00 ------------ 3.137468e+00 ------------ 1.757317e+00 ------------ 0.000000e+00 ------------            0
 1 9.318528e+01 3.292536e+01 1.365320e+00 4.351663e-01 4.242975e+00 2.414461e+00 0.000000e+00 0.000000e+00           41
 2 2.498715e+01 8.828767e+00 5.834447e-01 1.859604e-01 5.866796e-01 3.338495e-01 0.000000e+00 0.000000e+00           14
 3 4.356407e+00 1.539259e+00 6.726759e-01 2.144009e-01 1.277936e-01 7.272085e-02 0.000000e+00 0.000000e+00           25
 4 5.099199e-01 1.801711e-01 2.060488e-01 6.567360e-02 1.537181e-02 8.747317e-03 0.000000e+00 0.000000e+00           24
 5 1.031553e-02 3.644811e-03 7.500835e-03 2.390729e-03 1.383340e-03 7.871887e-04 0.000000e+00 0.000000e+00           27
 6 1.137919e-04 4.020635e-05 8.955887e-06 2.854495e-06 4.185101e-05 2.381528e-05 0.000000e+00 0.000000e+00           52
 7 3.124248e-06 1.103898e-06 7.207243e-08 2.297153e-08 4.715193e-07 2.683177e-07 0.000000e+00 0.000000e+00           60

t = 442.64, t_n = 47, dt = 19.7814: solved in 7 Newton iterations and 243 linear iterations

it      res_abs      res_rel   ch_rel_abs   ch_res_rel   ac_rel_abs   ac_res_rel  mec_rel_abs  mec_res_rel  linear_iter
 0 2.906442e+00 ------------ 3.220644e+00 ------------ 1.805860e+00 ------------ 0.000000e+00 ------------            0
 1 3.345443e+01 1.151044e+01 4.293088e-01 1.332990e-01 2.570920e+00 1.423655e+00 0.000000e+00 0.000000e+00           35
 2 4.667563e+00 1.605937e+00 1.501521e-01 4.662176e-02 2.613982e-01 1.447500e-01 0.000000e+00 0.000000e+00           33
 3 2.366187e-01 8.141181e-02 2.081161e-02 6.461939e-03 1.211871e-02 6.710770e-03 0.000000e+00 0.000000e+00           30
 4 1.947221e-03 6.699673e-04 2.879849e-04 8.941842e-05 5.997187e-04 3.320959e-04 0.000000e+00 0.000000e+00           40
 5 1.347505e-05 4.636270e-06 2.244392e-06 6.968768e-07 6.496979e-06 3.597721e-06 0.000000e+00 0.000000e+00           73

t = 462.421, t_n = 48, dt = 19.7814: solved in 5 Newton iterations and 211 linear iterations

it      res_abs      res_rel   ch_rel_abs   ch_res_rel   ac_rel_abs   ac_res_rel  mec_rel_abs  mec_res_rel  linear_iter
 0 2.938564e+00 ------------ 3.278602e+00 ------------ 1.805697e+00 ------------ 0.000000e+00 ------------            0
 1 8.759348e+01 2.980826e+01 9.671795e-01 2.949975e-01 4.087266e+00 2.263539e+00 0.000000e+00 0.000000e+00           40
 2 2.235084e+01 7.606042e+00 6.786043e-01 2.069798e-01 5.045657e-01 2.794298e-01 0.000000e+00 0.000000e+00           17
 3 3.130757e+00 1.065404e+00 5.738966e-01 1.750431e-01 8.926149e-02 4.943325e-02 0.000000e+00 0.000000e+00           30
 4 2.929897e-01 9.970506e-02 8.596668e-02 2.622053e-02 8.997437e-03 4.982804e-03 0.000000e+00 0.000000e+00           28
 5 3.293906e-03 1.120924e-03 7.627973e-04 2.326593e-04 5.814916e-04 3.220316e-04 0.000000e+00 0.000000e+00           37
 6 1.935560e-05 6.586753e-06 2.677534e-06 8.166694e-07 1.110783e-05 6.151544e-06 0.000000e+00 0.000000e+00           69

t = 482.202, t_n = 49, dt = 19.7814: solved in 6 Newton iterations and 221 linear iterations

Final statistics:
  - n timesteps:               50
  - n non-linear iterations:   220
  - n linear iterations:       5442
  - n residual evaluations:    270
  - avg non-linear iterations: 4.4
  - avg linear iterations:     24.7364
  - max dt:                    19.7814

  - n failed tries:                   0
  - n failed non-linear iterations:   0
  - n failed linear iterations:       0
  - n failed residual evaluations:    0


+--------------------------------------------------------------------------------------------------------------------------------------+------------------+------------+------------------+
| Total wallclock time elapsed                                                                                                         |     534.5s   126 |     534.5s |     534.5s     0 |
|                                                                                                                                      |                  |                               |
| Section                                                                                                                  | no. calls |   min time  rank |   avg time |   max time  rank |
+--------------------------------------------------------------------------------------------------------------------------------------+------------------+------------+------------------+
| run_grain_tracker::setup::tracker::initial_setup                                                                         |         1 |    0.5448s   127 |     0.545s |    0.5463s     0 |
| run_grain_tracker::setup::tracker::initial_setup::detect_grains                                                          |         1 |    0.5444s   127 |    0.5447s |    0.5453s     3 |
| run_grain_tracker::setup::tracker::initial_setup::detect_grains::distributed_stitching                                   |         9 |   0.00406s   150 |   0.01346s |   0.07383s     0 |
| run_grain_tracker::setup::tracker::initial_setup::detect_grains::distributed_stitching::perform_distributed_stitching    |         9 |  0.003998s   150 |    0.0134s |   0.07374s     0 |
| run_grain_tracker::setup::tracker::initial_setup::detect_grains::run_flooding                                            |         9 |    0.0761s     0 |   0.08408s |   0.09132s   146 |
| run_grain_tracker::setup::tracker::initial_setup::reassign_grains                                                        |         1 | 0.0001814s    99 | 0.0002199s |  0.001005s     0 |
| time_loop::run_grain_tracker::track::tracker::track                                                                      |         1 |    0.5452s    15 |    0.5453s |     0.546s     0 |
| time_loop::run_grain_tracker::track::tracker::track::detect_grains                                                       |         1 |    0.5447s   159 |    0.5449s |     0.545s     2 |
| time_loop::run_grain_tracker::track::tracker::track::detect_grains::distributed_stitching                                |         9 |  0.004068s   150 |   0.01294s |   0.07497s     0 |
| time_loop::run_grain_tracker::track::tracker::track::detect_grains::distributed_stitching::perform_distributed_stitching |         9 |  0.003991s   150 |   0.01287s |   0.07488s     0 |
| time_loop::run_grain_tracker::track::tracker::track::detect_grains::run_flooding                                         |         9 |   0.06853s    17 |   0.08021s |   0.08733s    71 |
| time_loop::run_grain_tracker::track::tracker::track::reassign_grains                                                     |         1 | 0.0001882s   129 | 0.0002143s | 0.0008703s     0 |
+--------------------------------------------------------------------------------------------------------------------------------------+------------------+------------+------------------+

+----------------------------------------------+------------------+------------+------------------+
| Total wallclock time elapsed                 |     534.5s   134 |     534.5s |     534.5s    46 |
|                                              |                  |                               |
| Section                          | no. calls |   min time  rank |   avg time |   max time  rank |
+----------------------------------------------+------------------+------------+------------------+
| sintering_op::nonlinear_residual |       270 |     7.418s   159 |     7.709s |     7.853s    16 |
| sintering_op::vmult              |      5750 |       135s   159 |     145.9s |     151.1s     0 |
+----------------------------------------------+------------------+------------+------------------+

+--------------------------------------+------------------+------------+------------------+
| Total wallclock time elapsed         |     534.5s   134 |     534.5s |     534.5s    61 |
|                                      |                  |                               |
| Section                  | no. calls |   min time  rank |   avg time |   max time  rank |
+--------------------------------------+------------------+------------+------------------+
| precon::update           |        55 |     144.5s   159 |     144.6s |     144.7s    22 |
| precon::update::precon_0 |        55 |     45.21s   159 |     45.29s |     45.37s    22 |
| precon::update::precon_1 |        55 |     99.29s    38 |     99.29s |      99.3s    68 |
| precon::vmult            |      5750 |     105.4s   147 |     114.2s |     130.8s     0 |
| precon::vmult::precon_0  |      5750 |     34.24s   159 |     37.11s |     41.65s     0 |
| precon::vmult::precon_1  |      5750 |     70.83s   147 |     77.06s |      89.1s     0 |
+--------------------------------------+------------------+------------+------------------+

+----------------------------------------------------+------------------+------------+------------------+
| Total wallclock time elapsed                       |     534.5s   134 |     534.5s |     534.5s    53 |
|                                                    |                  |                               |
| Section                                | no. calls |   min time  rank |   avg time |   max time  rank |
+----------------------------------------------------+------------------+------------+------------------+
| cahn_hilliard_op::matrix::compute      |        55 |      20.1s   159 |     20.47s |     20.71s    15 |
| cahn_hilliard_op::matrix::post_compute |        55 | 5.914e-05s    33 | 6.753e-05s | 0.0001247s    48 |
| cahn_hilliard_op::matrix::sp           |         5 |      2.43s   137 |     2.452s |     2.466s     1 |
+----------------------------------------------------+------------------+------------+------------------+

+--------------------------------------------------+------------------+------------+------------------+
| Total wallclock time elapsed                     |     534.5s   134 |     534.5s |     534.5s    45 |
|                                                  |                  |                               |
| Section                              | no. calls |   min time  rank |   avg time |   max time  rank |
+--------------------------------------------------+------------------+------------+------------------+
| allen_cahn_op::block_matrix::compute |        55 |     36.42s    16 |     38.53s |     42.15s   159 |
| allen_cahn_op::block_matrix::sp      |         5 |    0.8454s    40 |    0.8455s |    0.8465s     0 |
+--------------------------------------------------+------------------+------------+------------------+

+------------------------------+------------------+------------+------------------+
| Total wallclock time elapsed |     534.5s   134 |     534.5s |     534.5s    45 |
|                              |                  |                               |
| Section          | no. calls |   min time  rank |   avg time |   max time  rank |
+------------------------------+------------------+------------+------------------+
| ilu::setup       |        55 |     45.21s   159 |     45.29s |     45.37s    22 |
| ilu::vmult       |      5750 |     34.09s   159 |     36.97s |      41.5s     0 |
+------------------------------+------------------+------------+------------------+

+------------------------------+------------------+------------+------------------+
| Total wallclock time elapsed |     534.5s   129 |     534.5s |     534.5s    40 |
|                              |                  |                               |
| Section          | no. calls |   min time  rank |   avg time |   max time  rank |
+------------------------------+------------------+------------+------------------+
| block_ilu::setup |        55 |     99.29s    70 |     99.29s |     99.29s    68 |
| block_ilu::vmult |      5750 |     70.68s   147 |      76.9s |     88.96s     0 |
+------------------------------+------------------+------------+------------------+

+------------------------------+------------------+------------+------------------+
| Total wallclock time elapsed |     534.5s   122 |     534.5s |     534.5s    53 |
|                              |                  |                               |
| Section          | no. calls |   min time  rank |   avg time |   max time  rank |
+------------------------------+------------------+------------+------------------+
| gmres::solve     |       220 |     343.2s   159 |     343.5s |     343.8s     2 |
+------------------------------+------------------+------------+------------------+

+----------------------------------------------------------+------------------+------------+------------------+
| Total wallclock time elapsed                             |     534.5s   122 |     534.5s |     534.5s    40 |
|                                                          |                  |                               |
| Section                                      | no. calls |   min time  rank |   avg time |   max time  rank |
+----------------------------------------------------------+------------------+------------+------------------+
| execute_coarsening_and_refinement            |         5 |     2.497s   128 |     2.498s |     2.498s   115 |
| initialize_solution                          |         6 |    0.6385s   126 |    0.6442s |    0.6468s     3 |
| output_result                                |         1 |  3.58e-06s   159 | 5.748e-06s | 1.863e-05s    90 |
| run_grain_tracker                            |         1 |    0.5502s   159 |    0.5504s |    0.5506s    74 |
| run_grain_tracker::setup                     |         1 |    0.5448s   113 |     0.545s |    0.5463s     0 |
| time_loop                                    |        50 |     530.8s    81 |     530.8s |     530.8s   142 |
| time_loop::execute_coarsening_and_refinement |         4 |     18.39s     1 |     18.39s |      18.4s   102 |
| time_loop::newton                            |        50 |     511.7s   119 |     511.7s |     511.7s     0 |
| time_loop::newton::residual                  |       270 |     7.422s   159 |     7.712s |     7.858s    16 |
| time_loop::newton::setup_jacobian            |       220 |     5.023s    22 |     5.324s |     5.629s   159 |
| time_loop::newton::setup_preconditioner      |        55 |     144.5s   159 |     144.6s |     144.7s    22 |
| time_loop::newton::solve_with_jacobian       |       220 |       351s   128 |     351.2s |     351.5s    22 |
| time_loop::output_result                     |         1 | 4.091e-06s    32 |  5.66e-06s | 4.881e-05s    69 |
| time_loop::run_grain_tracker                 |         1 |    0.5502s   110 |    0.5502s |    0.5503s    80 |
| time_loop::run_grain_tracker::track          |         1 |    0.5452s    15 |    0.5453s |    0.5461s     0 |
+----------------------------------------------------------+------------------+------------+------------------+
